ERROR - 2022-01-30 00:37:00 --> Column 'FName' cannot be null
CRITICAL - 2022-01-30 00:37:00 --> Column 'FName' cannot be null
#0 C:\xampp\htdocs\Admin_FriendZone\system\Database\MySQLi\Connection.php(292): mysqli->query('INSERT INTO `of...', 0)
#1 C:\xampp\htdocs\Admin_FriendZone\system\Database\BaseConnection.php(670): CodeIgniter\Database\MySQLi\Connection->execute('INSERT INTO `of...')
#2 C:\xampp\htdocs\Admin_FriendZone\system\Database\BaseConnection.php(598): CodeIgniter\Database\BaseConnection->simpleQuery('INSERT INTO `of...')
#3 C:\xampp\htdocs\Admin_FriendZone\system\Database\BaseBuilder.php(1771): CodeIgniter\Database\BaseConnection->query('INSERT INTO `of...', Array, false)
#4 C:\xampp\htdocs\Admin_FriendZone\system\Model.php(239): CodeIgniter\Database\BaseBuilder->insert()
#5 C:\xampp\htdocs\Admin_FriendZone\system\BaseModel.php(738): CodeIgniter\Model->doInsert(Array)
#6 C:\xampp\htdocs\Admin_FriendZone\system\Model.php(625): CodeIgniter\BaseModel->insert(Array, true)
#7 C:\xampp\htdocs\Admin_FriendZone\app\Controllers\Officer.php(36): CodeIgniter\Model->insert(Array)
#8 C:\xampp\htdocs\Admin_FriendZone\system\CodeIgniter.php(825): App\Controllers\Officer->addOfficer()
#9 C:\xampp\htdocs\Admin_FriendZone\system\CodeIgniter.php(412): CodeIgniter\CodeIgniter->runController(Object(App\Controllers\Officer))
#10 C:\xampp\htdocs\Admin_FriendZone\system\CodeIgniter.php(320): CodeIgniter\CodeIgniter->handleRequest(NULL, Object(Config\Cache), false)
#11 C:\xampp\htdocs\Admin_FriendZone\public\index.php(37): CodeIgniter\CodeIgniter->run()
#12 C:\xampp\htdocs\Admin_FriendZone\system\Commands\Server\rewrite.php(43): require_once('C:\\xampp\\htdocs...')
#13 {main}
ERROR - 2022-01-30 00:37:35 --> Column 'FName' cannot be null
CRITICAL - 2022-01-30 00:37:35 --> Column 'FName' cannot be null
#0 C:\xampp\htdocs\Admin_FriendZone\system\Database\MySQLi\Connection.php(292): mysqli->query('INSERT INTO `of...', 0)
#1 C:\xampp\htdocs\Admin_FriendZone\system\Database\BaseConnection.php(670): CodeIgniter\Database\MySQLi\Connection->execute('INSERT INTO `of...')
#2 C:\xampp\htdocs\Admin_FriendZone\system\Database\BaseConnection.php(598): CodeIgniter\Database\BaseConnection->simpleQuery('INSERT INTO `of...')
#3 C:\xampp\htdocs\Admin_FriendZone\system\Database\BaseBuilder.php(1771): CodeIgniter\Database\BaseConnection->query('INSERT INTO `of...', Array, false)
#4 C:\xampp\htdocs\Admin_FriendZone\system\Model.php(239): CodeIgniter\Database\BaseBuilder->insert()
#5 C:\xampp\htdocs\Admin_FriendZone\system\BaseModel.php(738): CodeIgniter\Model->doInsert(Array)
#6 C:\xampp\htdocs\Admin_FriendZone\system\Model.php(625): CodeIgniter\BaseModel->insert(Array, true)
#7 C:\xampp\htdocs\Admin_FriendZone\app\Controllers\Officer.php(36): CodeIgniter\Model->insert(Array)
#8 C:\xampp\htdocs\Admin_FriendZone\system\CodeIgniter.php(825): App\Controllers\Officer->addOfficer()
#9 C:\xampp\htdocs\Admin_FriendZone\system\CodeIgniter.php(412): CodeIgniter\CodeIgniter->runController(Object(App\Controllers\Officer))
#10 C:\xampp\htdocs\Admin_FriendZone\system\CodeIgniter.php(320): CodeIgniter\CodeIgniter->handleRequest(NULL, Object(Config\Cache), false)
#11 C:\xampp\htdocs\Admin_FriendZone\public\index.php(37): CodeIgniter\CodeIgniter->run()
#12 C:\xampp\htdocs\Admin_FriendZone\system\Commands\Server\rewrite.php(43): require_once('C:\\xampp\\htdocs...')
#13 {main}
ERROR - 2022-01-30 00:39:31 --> Column 'FName' cannot be null
CRITICAL - 2022-01-30 00:39:31 --> Column 'FName' cannot be null
#0 C:\xampp\htdocs\Admin_FriendZone\system\Database\MySQLi\Connection.php(292): mysqli->query('INSERT INTO `of...', 0)
#1 C:\xampp\htdocs\Admin_FriendZone\system\Database\BaseConnection.php(670): CodeIgniter\Database\MySQLi\Connection->execute('INSERT INTO `of...')
#2 C:\xampp\htdocs\Admin_FriendZone\system\Database\BaseConnection.php(598): CodeIgniter\Database\BaseConnection->simpleQuery('INSERT INTO `of...')
#3 C:\xampp\htdocs\Admin_FriendZone\system\Database\BaseBuilder.php(1771): CodeIgniter\Database\BaseConnection->query('INSERT INTO `of...', Array, false)
#4 C:\xampp\htdocs\Admin_FriendZone\system\Model.php(239): CodeIgniter\Database\BaseBuilder->insert()
#5 C:\xampp\htdocs\Admin_FriendZone\system\BaseModel.php(738): CodeIgniter\Model->doInsert(Array)
#6 C:\xampp\htdocs\Admin_FriendZone\system\Model.php(625): CodeIgniter\BaseModel->insert(Array, true)
#7 C:\xampp\htdocs\Admin_FriendZone\app\Controllers\Officer.php(36): CodeIgniter\Model->insert(Array)
#8 C:\xampp\htdocs\Admin_FriendZone\system\CodeIgniter.php(825): App\Controllers\Officer->addOfficer()
#9 C:\xampp\htdocs\Admin_FriendZone\system\CodeIgniter.php(412): CodeIgniter\CodeIgniter->runController(Object(App\Controllers\Officer))
#10 C:\xampp\htdocs\Admin_FriendZone\system\CodeIgniter.php(320): CodeIgniter\CodeIgniter->handleRequest(NULL, Object(Config\Cache), false)
#11 C:\xampp\htdocs\Admin_FriendZone\public\index.php(37): CodeIgniter\CodeIgniter->run()
#12 C:\xampp\htdocs\Admin_FriendZone\system\Commands\Server\rewrite.php(43): require_once('C:\\xampp\\htdocs...')
#13 {main}
ERROR - 2022-01-30 00:40:58 --> Column 'FName' cannot be null
CRITICAL - 2022-01-30 00:40:58 --> Column 'FName' cannot be null
#0 C:\xampp\htdocs\Admin_FriendZone\system\Database\MySQLi\Connection.php(292): mysqli->query('INSERT INTO `of...', 0)
#1 C:\xampp\htdocs\Admin_FriendZone\system\Database\BaseConnection.php(670): CodeIgniter\Database\MySQLi\Connection->execute('INSERT INTO `of...')
#2 C:\xampp\htdocs\Admin_FriendZone\system\Database\BaseConnection.php(598): CodeIgniter\Database\BaseConnection->simpleQuery('INSERT INTO `of...')
#3 C:\xampp\htdocs\Admin_FriendZone\system\Database\BaseBuilder.php(1771): CodeIgniter\Database\BaseConnection->query('INSERT INTO `of...', Array, false)
#4 C:\xampp\htdocs\Admin_FriendZone\system\Model.php(239): CodeIgniter\Database\BaseBuilder->insert()
#5 C:\xampp\htdocs\Admin_FriendZone\system\BaseModel.php(738): CodeIgniter\Model->doInsert(Array)
#6 C:\xampp\htdocs\Admin_FriendZone\system\Model.php(625): CodeIgniter\BaseModel->insert(Array, true)
#7 C:\xampp\htdocs\Admin_FriendZone\app\Controllers\Officer.php(37): CodeIgniter\Model->insert(Array)
#8 C:\xampp\htdocs\Admin_FriendZone\system\CodeIgniter.php(825): App\Controllers\Officer->addOfficer()
#9 C:\xampp\htdocs\Admin_FriendZone\system\CodeIgniter.php(412): CodeIgniter\CodeIgniter->runController(Object(App\Controllers\Officer))
#10 C:\xampp\htdocs\Admin_FriendZone\system\CodeIgniter.php(320): CodeIgniter\CodeIgniter->handleRequest(NULL, Object(Config\Cache), false)
#11 C:\xampp\htdocs\Admin_FriendZone\public\index.php(37): CodeIgniter\CodeIgniter->run()
#12 C:\xampp\htdocs\Admin_FriendZone\system\Commands\Server\rewrite.php(43): require_once('C:\\xampp\\htdocs...')
#13 {main}
ERROR - 2022-01-30 00:41:22 --> Column 'FName' cannot be null
CRITICAL - 2022-01-30 00:41:22 --> Column 'FName' cannot be null
#0 C:\xampp\htdocs\Admin_FriendZone\system\Database\MySQLi\Connection.php(292): mysqli->query('INSERT INTO `of...', 0)
#1 C:\xampp\htdocs\Admin_FriendZone\system\Database\BaseConnection.php(670): CodeIgniter\Database\MySQLi\Connection->execute('INSERT INTO `of...')
#2 C:\xampp\htdocs\Admin_FriendZone\system\Database\BaseConnection.php(598): CodeIgniter\Database\BaseConnection->simpleQuery('INSERT INTO `of...')
#3 C:\xampp\htdocs\Admin_FriendZone\system\Database\BaseBuilder.php(1771): CodeIgniter\Database\BaseConnection->query('INSERT INTO `of...', Array, false)
#4 C:\xampp\htdocs\Admin_FriendZone\system\Model.php(239): CodeIgniter\Database\BaseBuilder->insert()
#5 C:\xampp\htdocs\Admin_FriendZone\system\BaseModel.php(738): CodeIgniter\Model->doInsert(Array)
#6 C:\xampp\htdocs\Admin_FriendZone\system\Model.php(625): CodeIgniter\BaseModel->insert(Array, true)
#7 C:\xampp\htdocs\Admin_FriendZone\app\Controllers\Officer.php(37): CodeIgniter\Model->insert(Array)
#8 C:\xampp\htdocs\Admin_FriendZone\system\CodeIgniter.php(825): App\Controllers\Officer->addOfficer()
#9 C:\xampp\htdocs\Admin_FriendZone\system\CodeIgniter.php(412): CodeIgniter\CodeIgniter->runController(Object(App\Controllers\Officer))
#10 C:\xampp\htdocs\Admin_FriendZone\system\CodeIgniter.php(320): CodeIgniter\CodeIgniter->handleRequest(NULL, Object(Config\Cache), false)
#11 C:\xampp\htdocs\Admin_FriendZone\public\index.php(37): CodeIgniter\CodeIgniter->run()
#12 C:\xampp\htdocs\Admin_FriendZone\system\Commands\Server\rewrite.php(43): require_once('C:\\xampp\\htdocs...')
#13 {main}
ERROR - 2022-01-30 00:41:45 --> Column 'FName' cannot be null
CRITICAL - 2022-01-30 00:41:45 --> Column 'FName' cannot be null
#0 C:\xampp\htdocs\Admin_FriendZone\system\Database\MySQLi\Connection.php(292): mysqli->query('INSERT INTO `of...', 0)
#1 C:\xampp\htdocs\Admin_FriendZone\system\Database\BaseConnection.php(670): CodeIgniter\Database\MySQLi\Connection->execute('INSERT INTO `of...')
#2 C:\xampp\htdocs\Admin_FriendZone\system\Database\BaseConnection.php(598): CodeIgniter\Database\BaseConnection->simpleQuery('INSERT INTO `of...')
#3 C:\xampp\htdocs\Admin_FriendZone\system\Database\BaseBuilder.php(1771): CodeIgniter\Database\BaseConnection->query('INSERT INTO `of...', Array, false)
#4 C:\xampp\htdocs\Admin_FriendZone\system\Model.php(239): CodeIgniter\Database\BaseBuilder->insert()
#5 C:\xampp\htdocs\Admin_FriendZone\system\BaseModel.php(738): CodeIgniter\Model->doInsert(Array)
#6 C:\xampp\htdocs\Admin_FriendZone\system\Model.php(625): CodeIgniter\BaseModel->insert(Array, true)
#7 C:\xampp\htdocs\Admin_FriendZone\app\Controllers\Officer.php(37): CodeIgniter\Model->insert(Array)
#8 C:\xampp\htdocs\Admin_FriendZone\system\CodeIgniter.php(825): App\Controllers\Officer->addOfficer()
#9 C:\xampp\htdocs\Admin_FriendZone\system\CodeIgniter.php(412): CodeIgniter\CodeIgniter->runController(Object(App\Controllers\Officer))
#10 C:\xampp\htdocs\Admin_FriendZone\system\CodeIgniter.php(320): CodeIgniter\CodeIgniter->handleRequest(NULL, Object(Config\Cache), false)
#11 C:\xampp\htdocs\Admin_FriendZone\public\index.php(37): CodeIgniter\CodeIgniter->run()
#12 C:\xampp\htdocs\Admin_FriendZone\system\Commands\Server\rewrite.php(43): require_once('C:\\xampp\\htdocs...')
#13 {main}
ERROR - 2022-01-30 00:43:48 --> Column 'FName' cannot be null
CRITICAL - 2022-01-30 00:43:48 --> Column 'FName' cannot be null
#0 C:\xampp\htdocs\Admin_FriendZone\system\Database\MySQLi\Connection.php(292): mysqli->query('INSERT INTO `of...', 0)
#1 C:\xampp\htdocs\Admin_FriendZone\system\Database\BaseConnection.php(670): CodeIgniter\Database\MySQLi\Connection->execute('INSERT INTO `of...')
#2 C:\xampp\htdocs\Admin_FriendZone\system\Database\BaseConnection.php(598): CodeIgniter\Database\BaseConnection->simpleQuery('INSERT INTO `of...')
#3 C:\xampp\htdocs\Admin_FriendZone\system\Database\BaseBuilder.php(1771): CodeIgniter\Database\BaseConnection->query('INSERT INTO `of...', Array, false)
#4 C:\xampp\htdocs\Admin_FriendZone\system\Model.php(239): CodeIgniter\Database\BaseBuilder->insert()
#5 C:\xampp\htdocs\Admin_FriendZone\system\BaseModel.php(738): CodeIgniter\Model->doInsert(Array)
#6 C:\xampp\htdocs\Admin_FriendZone\system\Model.php(625): CodeIgniter\BaseModel->insert(Array, true)
#7 C:\xampp\htdocs\Admin_FriendZone\app\Controllers\Officer.php(37): CodeIgniter\Model->insert(Array)
#8 C:\xampp\htdocs\Admin_FriendZone\system\CodeIgniter.php(825): App\Controllers\Officer->addOfficer()
#9 C:\xampp\htdocs\Admin_FriendZone\system\CodeIgniter.php(412): CodeIgniter\CodeIgniter->runController(Object(App\Controllers\Officer))
#10 C:\xampp\htdocs\Admin_FriendZone\system\CodeIgniter.php(320): CodeIgniter\CodeIgniter->handleRequest(NULL, Object(Config\Cache), false)
#11 C:\xampp\htdocs\Admin_FriendZone\public\index.php(37): CodeIgniter\CodeIgniter->run()
#12 C:\xampp\htdocs\Admin_FriendZone\system\Commands\Server\rewrite.php(43): require_once('C:\\xampp\\htdocs...')
#13 {main}
ERROR - 2022-01-30 00:44:54 --> Column 'FName' cannot be null
CRITICAL - 2022-01-30 00:44:54 --> Column 'FName' cannot be null
#0 C:\xampp\htdocs\Admin_FriendZone\system\Database\MySQLi\Connection.php(292): mysqli->query('INSERT INTO `of...', 0)
#1 C:\xampp\htdocs\Admin_FriendZone\system\Database\BaseConnection.php(670): CodeIgniter\Database\MySQLi\Connection->execute('INSERT INTO `of...')
#2 C:\xampp\htdocs\Admin_FriendZone\system\Database\BaseConnection.php(598): CodeIgniter\Database\BaseConnection->simpleQuery('INSERT INTO `of...')
#3 C:\xampp\htdocs\Admin_FriendZone\system\Database\BaseBuilder.php(1771): CodeIgniter\Database\BaseConnection->query('INSERT INTO `of...', Array, false)
#4 C:\xampp\htdocs\Admin_FriendZone\system\Model.php(239): CodeIgniter\Database\BaseBuilder->insert()
#5 C:\xampp\htdocs\Admin_FriendZone\system\BaseModel.php(738): CodeIgniter\Model->doInsert(Array)
#6 C:\xampp\htdocs\Admin_FriendZone\system\Model.php(625): CodeIgniter\BaseModel->insert(Array, true)
#7 C:\xampp\htdocs\Admin_FriendZone\app\Controllers\Officer.php(37): CodeIgniter\Model->insert(Array)
#8 C:\xampp\htdocs\Admin_FriendZone\system\CodeIgniter.php(825): App\Controllers\Officer->addOfficer()
#9 C:\xampp\htdocs\Admin_FriendZone\system\CodeIgniter.php(412): CodeIgniter\CodeIgniter->runController(Object(App\Controllers\Officer))
#10 C:\xampp\htdocs\Admin_FriendZone\system\CodeIgniter.php(320): CodeIgniter\CodeIgniter->handleRequest(NULL, Object(Config\Cache), false)
#11 C:\xampp\htdocs\Admin_FriendZone\public\index.php(37): CodeIgniter\CodeIgniter->run()
#12 C:\xampp\htdocs\Admin_FriendZone\system\Commands\Server\rewrite.php(43): require_once('C:\\xampp\\htdocs...')
#13 {main}
ERROR - 2022-01-30 00:45:50 --> Column 'FName' cannot be null
CRITICAL - 2022-01-30 00:45:50 --> Column 'FName' cannot be null
#0 C:\xampp\htdocs\Admin_FriendZone\system\Database\MySQLi\Connection.php(292): mysqli->query('INSERT INTO `of...', 0)
#1 C:\xampp\htdocs\Admin_FriendZone\system\Database\BaseConnection.php(670): CodeIgniter\Database\MySQLi\Connection->execute('INSERT INTO `of...')
#2 C:\xampp\htdocs\Admin_FriendZone\system\Database\BaseConnection.php(598): CodeIgniter\Database\BaseConnection->simpleQuery('INSERT INTO `of...')
#3 C:\xampp\htdocs\Admin_FriendZone\system\Database\BaseBuilder.php(1771): CodeIgniter\Database\BaseConnection->query('INSERT INTO `of...', Array, false)
#4 C:\xampp\htdocs\Admin_FriendZone\system\Model.php(239): CodeIgniter\Database\BaseBuilder->insert()
#5 C:\xampp\htdocs\Admin_FriendZone\system\BaseModel.php(738): CodeIgniter\Model->doInsert(Array)
#6 C:\xampp\htdocs\Admin_FriendZone\system\Model.php(625): CodeIgniter\BaseModel->insert(Array, true)
#7 C:\xampp\htdocs\Admin_FriendZone\app\Controllers\Officer.php(37): CodeIgniter\Model->insert(Array)
#8 C:\xampp\htdocs\Admin_FriendZone\system\CodeIgniter.php(825): App\Controllers\Officer->addOfficer()
#9 C:\xampp\htdocs\Admin_FriendZone\system\CodeIgniter.php(412): CodeIgniter\CodeIgniter->runController(Object(App\Controllers\Officer))
#10 C:\xampp\htdocs\Admin_FriendZone\system\CodeIgniter.php(320): CodeIgniter\CodeIgniter->handleRequest(NULL, Object(Config\Cache), false)
#11 C:\xampp\htdocs\Admin_FriendZone\public\index.php(37): CodeIgniter\CodeIgniter->run()
#12 C:\xampp\htdocs\Admin_FriendZone\system\Commands\Server\rewrite.php(43): require_once('C:\\xampp\\htdocs...')
#13 {main}
ERROR - 2022-01-30 00:46:09 --> Column 'FName' cannot be null
CRITICAL - 2022-01-30 00:46:09 --> Column 'FName' cannot be null
#0 C:\xampp\htdocs\Admin_FriendZone\system\Database\MySQLi\Connection.php(292): mysqli->query('INSERT INTO `of...', 0)
#1 C:\xampp\htdocs\Admin_FriendZone\system\Database\BaseConnection.php(670): CodeIgniter\Database\MySQLi\Connection->execute('INSERT INTO `of...')
#2 C:\xampp\htdocs\Admin_FriendZone\system\Database\BaseConnection.php(598): CodeIgniter\Database\BaseConnection->simpleQuery('INSERT INTO `of...')
#3 C:\xampp\htdocs\Admin_FriendZone\system\Database\BaseBuilder.php(1771): CodeIgniter\Database\BaseConnection->query('INSERT INTO `of...', Array, false)
#4 C:\xampp\htdocs\Admin_FriendZone\system\Model.php(239): CodeIgniter\Database\BaseBuilder->insert()
#5 C:\xampp\htdocs\Admin_FriendZone\system\BaseModel.php(738): CodeIgniter\Model->doInsert(Array)
#6 C:\xampp\htdocs\Admin_FriendZone\system\Model.php(625): CodeIgniter\BaseModel->insert(Array, true)
#7 C:\xampp\htdocs\Admin_FriendZone\app\Controllers\Officer.php(37): CodeIgniter\Model->insert(Array)
#8 C:\xampp\htdocs\Admin_FriendZone\system\CodeIgniter.php(825): App\Controllers\Officer->addOfficer()
#9 C:\xampp\htdocs\Admin_FriendZone\system\CodeIgniter.php(412): CodeIgniter\CodeIgniter->runController(Object(App\Controllers\Officer))
#10 C:\xampp\htdocs\Admin_FriendZone\system\CodeIgniter.php(320): CodeIgniter\CodeIgniter->handleRequest(NULL, Object(Config\Cache), false)
#11 C:\xampp\htdocs\Admin_FriendZone\public\index.php(37): CodeIgniter\CodeIgniter->run()
#12 C:\xampp\htdocs\Admin_FriendZone\system\Commands\Server\rewrite.php(43): require_once('C:\\xampp\\htdocs...')
#13 {main}
ERROR - 2022-01-30 00:46:27 --> Column 'FName' cannot be null
CRITICAL - 2022-01-30 00:46:27 --> Column 'FName' cannot be null
#0 C:\xampp\htdocs\Admin_FriendZone\system\Database\MySQLi\Connection.php(292): mysqli->query('INSERT INTO `of...', 0)
#1 C:\xampp\htdocs\Admin_FriendZone\system\Database\BaseConnection.php(670): CodeIgniter\Database\MySQLi\Connection->execute('INSERT INTO `of...')
#2 C:\xampp\htdocs\Admin_FriendZone\system\Database\BaseConnection.php(598): CodeIgniter\Database\BaseConnection->simpleQuery('INSERT INTO `of...')
#3 C:\xampp\htdocs\Admin_FriendZone\system\Database\BaseBuilder.php(1771): CodeIgniter\Database\BaseConnection->query('INSERT INTO `of...', Array, false)
#4 C:\xampp\htdocs\Admin_FriendZone\system\Model.php(239): CodeIgniter\Database\BaseBuilder->insert()
#5 C:\xampp\htdocs\Admin_FriendZone\system\BaseModel.php(738): CodeIgniter\Model->doInsert(Array)
#6 C:\xampp\htdocs\Admin_FriendZone\system\Model.php(625): CodeIgniter\BaseModel->insert(Array, true)
#7 C:\xampp\htdocs\Admin_FriendZone\app\Controllers\Officer.php(37): CodeIgniter\Model->insert(Array)
#8 C:\xampp\htdocs\Admin_FriendZone\system\CodeIgniter.php(825): App\Controllers\Officer->addOfficer()
#9 C:\xampp\htdocs\Admin_FriendZone\system\CodeIgniter.php(412): CodeIgniter\CodeIgniter->runController(Object(App\Controllers\Officer))
#10 C:\xampp\htdocs\Admin_FriendZone\system\CodeIgniter.php(320): CodeIgniter\CodeIgniter->handleRequest(NULL, Object(Config\Cache), false)
#11 C:\xampp\htdocs\Admin_FriendZone\public\index.php(37): CodeIgniter\CodeIgniter->run()
#12 C:\xampp\htdocs\Admin_FriendZone\system\Commands\Server\rewrite.php(43): require_once('C:\\xampp\\htdocs...')
#13 {main}
ERROR - 2022-01-30 00:48:05 --> Column 'FName' cannot be null
CRITICAL - 2022-01-30 00:48:05 --> Column 'FName' cannot be null
#0 C:\xampp\htdocs\Admin_FriendZone\system\Database\MySQLi\Connection.php(292): mysqli->query('INSERT INTO `of...', 0)
#1 C:\xampp\htdocs\Admin_FriendZone\system\Database\BaseConnection.php(670): CodeIgniter\Database\MySQLi\Connection->execute('INSERT INTO `of...')
#2 C:\xampp\htdocs\Admin_FriendZone\system\Database\BaseConnection.php(598): CodeIgniter\Database\BaseConnection->simpleQuery('INSERT INTO `of...')
#3 C:\xampp\htdocs\Admin_FriendZone\system\Database\BaseBuilder.php(1771): CodeIgniter\Database\BaseConnection->query('INSERT INTO `of...', Array, false)
#4 C:\xampp\htdocs\Admin_FriendZone\system\Model.php(239): CodeIgniter\Database\BaseBuilder->insert()
#5 C:\xampp\htdocs\Admin_FriendZone\system\BaseModel.php(738): CodeIgniter\Model->doInsert(Array)
#6 C:\xampp\htdocs\Admin_FriendZone\system\Model.php(625): CodeIgniter\BaseModel->insert(Array, true)
#7 C:\xampp\htdocs\Admin_FriendZone\app\Controllers\Officer.php(37): CodeIgniter\Model->insert(Array)
#8 C:\xampp\htdocs\Admin_FriendZone\system\CodeIgniter.php(825): App\Controllers\Officer->create()
#9 C:\xampp\htdocs\Admin_FriendZone\system\CodeIgniter.php(412): CodeIgniter\CodeIgniter->runController(Object(App\Controllers\Officer))
#10 C:\xampp\htdocs\Admin_FriendZone\system\CodeIgniter.php(320): CodeIgniter\CodeIgniter->handleRequest(NULL, Object(Config\Cache), false)
#11 C:\xampp\htdocs\Admin_FriendZone\public\index.php(37): CodeIgniter\CodeIgniter->run()
#12 C:\xampp\htdocs\Admin_FriendZone\system\Commands\Server\rewrite.php(43): require_once('C:\\xampp\\htdocs...')
#13 {main}
ERROR - 2022-01-30 00:48:06 --> Column 'FName' cannot be null
CRITICAL - 2022-01-30 00:48:06 --> Column 'FName' cannot be null
#0 C:\xampp\htdocs\Admin_FriendZone\system\Database\MySQLi\Connection.php(292): mysqli->query('INSERT INTO `of...', 0)
#1 C:\xampp\htdocs\Admin_FriendZone\system\Database\BaseConnection.php(670): CodeIgniter\Database\MySQLi\Connection->execute('INSERT INTO `of...')
#2 C:\xampp\htdocs\Admin_FriendZone\system\Database\BaseConnection.php(598): CodeIgniter\Database\BaseConnection->simpleQuery('INSERT INTO `of...')
#3 C:\xampp\htdocs\Admin_FriendZone\system\Database\BaseBuilder.php(1771): CodeIgniter\Database\BaseConnection->query('INSERT INTO `of...', Array, false)
#4 C:\xampp\htdocs\Admin_FriendZone\system\Model.php(239): CodeIgniter\Database\BaseBuilder->insert()
#5 C:\xampp\htdocs\Admin_FriendZone\system\BaseModel.php(738): CodeIgniter\Model->doInsert(Array)
#6 C:\xampp\htdocs\Admin_FriendZone\system\Model.php(625): CodeIgniter\BaseModel->insert(Array, true)
#7 C:\xampp\htdocs\Admin_FriendZone\app\Controllers\Officer.php(37): CodeIgniter\Model->insert(Array)
#8 C:\xampp\htdocs\Admin_FriendZone\system\CodeIgniter.php(825): App\Controllers\Officer->create()
#9 C:\xampp\htdocs\Admin_FriendZone\system\CodeIgniter.php(412): CodeIgniter\CodeIgniter->runController(Object(App\Controllers\Officer))
#10 C:\xampp\htdocs\Admin_FriendZone\system\CodeIgniter.php(320): CodeIgniter\CodeIgniter->handleRequest(NULL, Object(Config\Cache), false)
#11 C:\xampp\htdocs\Admin_FriendZone\public\index.php(37): CodeIgniter\CodeIgniter->run()
#12 C:\xampp\htdocs\Admin_FriendZone\system\Commands\Server\rewrite.php(43): require_once('C:\\xampp\\htdocs...')
#13 {main}
ERROR - 2022-01-30 00:48:08 --> Column 'FName' cannot be null
CRITICAL - 2022-01-30 00:48:08 --> Column 'FName' cannot be null
#0 C:\xampp\htdocs\Admin_FriendZone\system\Database\MySQLi\Connection.php(292): mysqli->query('INSERT INTO `of...', 0)
#1 C:\xampp\htdocs\Admin_FriendZone\system\Database\BaseConnection.php(670): CodeIgniter\Database\MySQLi\Connection->execute('INSERT INTO `of...')
#2 C:\xampp\htdocs\Admin_FriendZone\system\Database\BaseConnection.php(598): CodeIgniter\Database\BaseConnection->simpleQuery('INSERT INTO `of...')
#3 C:\xampp\htdocs\Admin_FriendZone\system\Database\BaseBuilder.php(1771): CodeIgniter\Database\BaseConnection->query('INSERT INTO `of...', Array, false)
#4 C:\xampp\htdocs\Admin_FriendZone\system\Model.php(239): CodeIgniter\Database\BaseBuilder->insert()
#5 C:\xampp\htdocs\Admin_FriendZone\system\BaseModel.php(738): CodeIgniter\Model->doInsert(Array)
#6 C:\xampp\htdocs\Admin_FriendZone\system\Model.php(625): CodeIgniter\BaseModel->insert(Array, true)
#7 C:\xampp\htdocs\Admin_FriendZone\app\Controllers\Officer.php(37): CodeIgniter\Model->insert(Array)
#8 C:\xampp\htdocs\Admin_FriendZone\system\CodeIgniter.php(825): App\Controllers\Officer->create()
#9 C:\xampp\htdocs\Admin_FriendZone\system\CodeIgniter.php(412): CodeIgniter\CodeIgniter->runController(Object(App\Controllers\Officer))
#10 C:\xampp\htdocs\Admin_FriendZone\system\CodeIgniter.php(320): CodeIgniter\CodeIgniter->handleRequest(NULL, Object(Config\Cache), false)
#11 C:\xampp\htdocs\Admin_FriendZone\public\index.php(37): CodeIgniter\CodeIgniter->run()
#12 C:\xampp\htdocs\Admin_FriendZone\system\Commands\Server\rewrite.php(43): require_once('C:\\xampp\\htdocs...')
#13 {main}
ERROR - 2022-01-30 00:48:08 --> Column 'FName' cannot be null
CRITICAL - 2022-01-30 00:48:08 --> Column 'FName' cannot be null
#0 C:\xampp\htdocs\Admin_FriendZone\system\Database\MySQLi\Connection.php(292): mysqli->query('INSERT INTO `of...', 0)
#1 C:\xampp\htdocs\Admin_FriendZone\system\Database\BaseConnection.php(670): CodeIgniter\Database\MySQLi\Connection->execute('INSERT INTO `of...')
#2 C:\xampp\htdocs\Admin_FriendZone\system\Database\BaseConnection.php(598): CodeIgniter\Database\BaseConnection->simpleQuery('INSERT INTO `of...')
#3 C:\xampp\htdocs\Admin_FriendZone\system\Database\BaseBuilder.php(1771): CodeIgniter\Database\BaseConnection->query('INSERT INTO `of...', Array, false)
#4 C:\xampp\htdocs\Admin_FriendZone\system\Model.php(239): CodeIgniter\Database\BaseBuilder->insert()
#5 C:\xampp\htdocs\Admin_FriendZone\system\BaseModel.php(738): CodeIgniter\Model->doInsert(Array)
#6 C:\xampp\htdocs\Admin_FriendZone\system\Model.php(625): CodeIgniter\BaseModel->insert(Array, true)
#7 C:\xampp\htdocs\Admin_FriendZone\app\Controllers\Officer.php(37): CodeIgniter\Model->insert(Array)
#8 C:\xampp\htdocs\Admin_FriendZone\system\CodeIgniter.php(825): App\Controllers\Officer->create()
#9 C:\xampp\htdocs\Admin_FriendZone\system\CodeIgniter.php(412): CodeIgniter\CodeIgniter->runController(Object(App\Controllers\Officer))
#10 C:\xampp\htdocs\Admin_FriendZone\system\CodeIgniter.php(320): CodeIgniter\CodeIgniter->handleRequest(NULL, Object(Config\Cache), false)
#11 C:\xampp\htdocs\Admin_FriendZone\public\index.php(37): CodeIgniter\CodeIgniter->run()
#12 C:\xampp\htdocs\Admin_FriendZone\system\Commands\Server\rewrite.php(43): require_once('C:\\xampp\\htdocs...')
#13 {main}
ERROR - 2022-01-30 00:48:09 --> Column 'FName' cannot be null
CRITICAL - 2022-01-30 00:48:09 --> Column 'FName' cannot be null
#0 C:\xampp\htdocs\Admin_FriendZone\system\Database\MySQLi\Connection.php(292): mysqli->query('INSERT INTO `of...', 0)
#1 C:\xampp\htdocs\Admin_FriendZone\system\Database\BaseConnection.php(670): CodeIgniter\Database\MySQLi\Connection->execute('INSERT INTO `of...')
#2 C:\xampp\htdocs\Admin_FriendZone\system\Database\BaseConnection.php(598): CodeIgniter\Database\BaseConnection->simpleQuery('INSERT INTO `of...')
#3 C:\xampp\htdocs\Admin_FriendZone\system\Database\BaseBuilder.php(1771): CodeIgniter\Database\BaseConnection->query('INSERT INTO `of...', Array, false)
#4 C:\xampp\htdocs\Admin_FriendZone\system\Model.php(239): CodeIgniter\Database\BaseBuilder->insert()
#5 C:\xampp\htdocs\Admin_FriendZone\system\BaseModel.php(738): CodeIgniter\Model->doInsert(Array)
#6 C:\xampp\htdocs\Admin_FriendZone\system\Model.php(625): CodeIgniter\BaseModel->insert(Array, true)
#7 C:\xampp\htdocs\Admin_FriendZone\app\Controllers\Officer.php(37): CodeIgniter\Model->insert(Array)
#8 C:\xampp\htdocs\Admin_FriendZone\system\CodeIgniter.php(825): App\Controllers\Officer->create()
#9 C:\xampp\htdocs\Admin_FriendZone\system\CodeIgniter.php(412): CodeIgniter\CodeIgniter->runController(Object(App\Controllers\Officer))
#10 C:\xampp\htdocs\Admin_FriendZone\system\CodeIgniter.php(320): CodeIgniter\CodeIgniter->handleRequest(NULL, Object(Config\Cache), false)
#11 C:\xampp\htdocs\Admin_FriendZone\public\index.php(37): CodeIgniter\CodeIgniter->run()
#12 C:\xampp\htdocs\Admin_FriendZone\system\Commands\Server\rewrite.php(43): require_once('C:\\xampp\\htdocs...')
#13 {main}
ERROR - 2022-01-30 00:48:32 --> Column 'FName' cannot be null
CRITICAL - 2022-01-30 00:48:32 --> Column 'FName' cannot be null
#0 C:\xampp\htdocs\Admin_FriendZone\system\Database\MySQLi\Connection.php(292): mysqli->query('INSERT INTO `of...', 0)
#1 C:\xampp\htdocs\Admin_FriendZone\system\Database\BaseConnection.php(670): CodeIgniter\Database\MySQLi\Connection->execute('INSERT INTO `of...')
#2 C:\xampp\htdocs\Admin_FriendZone\system\Database\BaseConnection.php(598): CodeIgniter\Database\BaseConnection->simpleQuery('INSERT INTO `of...')
#3 C:\xampp\htdocs\Admin_FriendZone\system\Database\BaseBuilder.php(1771): CodeIgniter\Database\BaseConnection->query('INSERT INTO `of...', Array, false)
#4 C:\xampp\htdocs\Admin_FriendZone\system\Model.php(239): CodeIgniter\Database\BaseBuilder->insert()
#5 C:\xampp\htdocs\Admin_FriendZone\system\BaseModel.php(738): CodeIgniter\Model->doInsert(Array)
#6 C:\xampp\htdocs\Admin_FriendZone\system\Model.php(625): CodeIgniter\BaseModel->insert(Array, true)
#7 C:\xampp\htdocs\Admin_FriendZone\app\Controllers\Officer.php(37): CodeIgniter\Model->insert(Array)
#8 C:\xampp\htdocs\Admin_FriendZone\system\CodeIgniter.php(825): App\Controllers\Officer->addOfficer()
#9 C:\xampp\htdocs\Admin_FriendZone\system\CodeIgniter.php(412): CodeIgniter\CodeIgniter->runController(Object(App\Controllers\Officer))
#10 C:\xampp\htdocs\Admin_FriendZone\system\CodeIgniter.php(320): CodeIgniter\CodeIgniter->handleRequest(NULL, Object(Config\Cache), false)
#11 C:\xampp\htdocs\Admin_FriendZone\public\index.php(37): CodeIgniter\CodeIgniter->run()
#12 C:\xampp\htdocs\Admin_FriendZone\system\Commands\Server\rewrite.php(43): require_once('C:\\xampp\\htdocs...')
#13 {main}
ERROR - 2022-01-30 00:49:34 --> Column 'FName' cannot be null
CRITICAL - 2022-01-30 00:49:34 --> Column 'FName' cannot be null
#0 C:\xampp\htdocs\Admin_FriendZone\system\Database\MySQLi\Connection.php(292): mysqli->query('INSERT INTO `of...', 0)
#1 C:\xampp\htdocs\Admin_FriendZone\system\Database\BaseConnection.php(670): CodeIgniter\Database\MySQLi\Connection->execute('INSERT INTO `of...')
#2 C:\xampp\htdocs\Admin_FriendZone\system\Database\BaseConnection.php(598): CodeIgniter\Database\BaseConnection->simpleQuery('INSERT INTO `of...')
#3 C:\xampp\htdocs\Admin_FriendZone\system\Database\BaseBuilder.php(1771): CodeIgniter\Database\BaseConnection->query('INSERT INTO `of...', Array, false)
#4 C:\xampp\htdocs\Admin_FriendZone\system\Model.php(239): CodeIgniter\Database\BaseBuilder->insert()
#5 C:\xampp\htdocs\Admin_FriendZone\system\BaseModel.php(738): CodeIgniter\Model->doInsert(Array)
#6 C:\xampp\htdocs\Admin_FriendZone\system\Model.php(625): CodeIgniter\BaseModel->insert(Array, true)
#7 C:\xampp\htdocs\Admin_FriendZone\app\Controllers\Officer.php(37): CodeIgniter\Model->insert(Array)
#8 C:\xampp\htdocs\Admin_FriendZone\system\CodeIgniter.php(825): App\Controllers\Officer->addOfficer()
#9 C:\xampp\htdocs\Admin_FriendZone\system\CodeIgniter.php(412): CodeIgniter\CodeIgniter->runController(Object(App\Controllers\Officer))
#10 C:\xampp\htdocs\Admin_FriendZone\system\CodeIgniter.php(320): CodeIgniter\CodeIgniter->handleRequest(NULL, Object(Config\Cache), false)
#11 C:\xampp\htdocs\Admin_FriendZone\public\index.php(37): CodeIgniter\CodeIgniter->run()
#12 C:\xampp\htdocs\Admin_FriendZone\system\Commands\Server\rewrite.php(43): require_once('C:\\xampp\\htdocs...')
#13 {main}
ERROR - 2022-01-30 00:49:35 --> Column 'FName' cannot be null
CRITICAL - 2022-01-30 00:49:35 --> Column 'FName' cannot be null
#0 C:\xampp\htdocs\Admin_FriendZone\system\Database\MySQLi\Connection.php(292): mysqli->query('INSERT INTO `of...', 0)
#1 C:\xampp\htdocs\Admin_FriendZone\system\Database\BaseConnection.php(670): CodeIgniter\Database\MySQLi\Connection->execute('INSERT INTO `of...')
#2 C:\xampp\htdocs\Admin_FriendZone\system\Database\BaseConnection.php(598): CodeIgniter\Database\BaseConnection->simpleQuery('INSERT INTO `of...')
#3 C:\xampp\htdocs\Admin_FriendZone\system\Database\BaseBuilder.php(1771): CodeIgniter\Database\BaseConnection->query('INSERT INTO `of...', Array, false)
#4 C:\xampp\htdocs\Admin_FriendZone\system\Model.php(239): CodeIgniter\Database\BaseBuilder->insert()
#5 C:\xampp\htdocs\Admin_FriendZone\system\BaseModel.php(738): CodeIgniter\Model->doInsert(Array)
#6 C:\xampp\htdocs\Admin_FriendZone\system\Model.php(625): CodeIgniter\BaseModel->insert(Array, true)
#7 C:\xampp\htdocs\Admin_FriendZone\app\Controllers\Officer.php(37): CodeIgniter\Model->insert(Array)
#8 C:\xampp\htdocs\Admin_FriendZone\system\CodeIgniter.php(825): App\Controllers\Officer->addOfficer()
#9 C:\xampp\htdocs\Admin_FriendZone\system\CodeIgniter.php(412): CodeIgniter\CodeIgniter->runController(Object(App\Controllers\Officer))
#10 C:\xampp\htdocs\Admin_FriendZone\system\CodeIgniter.php(320): CodeIgniter\CodeIgniter->handleRequest(NULL, Object(Config\Cache), false)
#11 C:\xampp\htdocs\Admin_FriendZone\public\index.php(37): CodeIgniter\CodeIgniter->run()
#12 C:\xampp\htdocs\Admin_FriendZone\system\Commands\Server\rewrite.php(43): require_once('C:\\xampp\\htdocs...')
#13 {main}
ERROR - 2022-01-30 00:49:36 --> Column 'FName' cannot be null
CRITICAL - 2022-01-30 00:49:36 --> Column 'FName' cannot be null
#0 C:\xampp\htdocs\Admin_FriendZone\system\Database\MySQLi\Connection.php(292): mysqli->query('INSERT INTO `of...', 0)
#1 C:\xampp\htdocs\Admin_FriendZone\system\Database\BaseConnection.php(670): CodeIgniter\Database\MySQLi\Connection->execute('INSERT INTO `of...')
#2 C:\xampp\htdocs\Admin_FriendZone\system\Database\BaseConnection.php(598): CodeIgniter\Database\BaseConnection->simpleQuery('INSERT INTO `of...')
#3 C:\xampp\htdocs\Admin_FriendZone\system\Database\BaseBuilder.php(1771): CodeIgniter\Database\BaseConnection->query('INSERT INTO `of...', Array, false)
#4 C:\xampp\htdocs\Admin_FriendZone\system\Model.php(239): CodeIgniter\Database\BaseBuilder->insert()
#5 C:\xampp\htdocs\Admin_FriendZone\system\BaseModel.php(738): CodeIgniter\Model->doInsert(Array)
#6 C:\xampp\htdocs\Admin_FriendZone\system\Model.php(625): CodeIgniter\BaseModel->insert(Array, true)
#7 C:\xampp\htdocs\Admin_FriendZone\app\Controllers\Officer.php(37): CodeIgniter\Model->insert(Array)
#8 C:\xampp\htdocs\Admin_FriendZone\system\CodeIgniter.php(825): App\Controllers\Officer->addOfficer()
#9 C:\xampp\htdocs\Admin_FriendZone\system\CodeIgniter.php(412): CodeIgniter\CodeIgniter->runController(Object(App\Controllers\Officer))
#10 C:\xampp\htdocs\Admin_FriendZone\system\CodeIgniter.php(320): CodeIgniter\CodeIgniter->handleRequest(NULL, Object(Config\Cache), false)
#11 C:\xampp\htdocs\Admin_FriendZone\public\index.php(37): CodeIgniter\CodeIgniter->run()
#12 C:\xampp\htdocs\Admin_FriendZone\system\Commands\Server\rewrite.php(43): require_once('C:\\xampp\\htdocs...')
#13 {main}
ERROR - 2022-01-30 00:50:11 --> Column 'FName' cannot be null
CRITICAL - 2022-01-30 00:50:11 --> Column 'FName' cannot be null
#0 C:\xampp\htdocs\Admin_FriendZone\system\Database\MySQLi\Connection.php(292): mysqli->query('INSERT INTO `of...', 0)
#1 C:\xampp\htdocs\Admin_FriendZone\system\Database\BaseConnection.php(670): CodeIgniter\Database\MySQLi\Connection->execute('INSERT INTO `of...')
#2 C:\xampp\htdocs\Admin_FriendZone\system\Database\BaseConnection.php(598): CodeIgniter\Database\BaseConnection->simpleQuery('INSERT INTO `of...')
#3 C:\xampp\htdocs\Admin_FriendZone\system\Database\BaseBuilder.php(1771): CodeIgniter\Database\BaseConnection->query('INSERT INTO `of...', Array, false)
#4 C:\xampp\htdocs\Admin_FriendZone\system\Model.php(239): CodeIgniter\Database\BaseBuilder->insert()
#5 C:\xampp\htdocs\Admin_FriendZone\system\BaseModel.php(738): CodeIgniter\Model->doInsert(Array)
#6 C:\xampp\htdocs\Admin_FriendZone\system\Model.php(625): CodeIgniter\BaseModel->insert(Array, true)
#7 C:\xampp\htdocs\Admin_FriendZone\app\Controllers\Officer.php(37): CodeIgniter\Model->insert(Array)
#8 C:\xampp\htdocs\Admin_FriendZone\system\CodeIgniter.php(825): App\Controllers\Officer->addOfficer()
#9 C:\xampp\htdocs\Admin_FriendZone\system\CodeIgniter.php(412): CodeIgniter\CodeIgniter->runController(Object(App\Controllers\Officer))
#10 C:\xampp\htdocs\Admin_FriendZone\system\CodeIgniter.php(320): CodeIgniter\CodeIgniter->handleRequest(NULL, Object(Config\Cache), false)
#11 C:\xampp\htdocs\Admin_FriendZone\public\index.php(37): CodeIgniter\CodeIgniter->run()
#12 C:\xampp\htdocs\Admin_FriendZone\system\Commands\Server\rewrite.php(43): require_once('C:\\xampp\\htdocs...')
#13 {main}
ERROR - 2022-01-30 00:50:12 --> Column 'FName' cannot be null
CRITICAL - 2022-01-30 00:50:12 --> Column 'FName' cannot be null
#0 C:\xampp\htdocs\Admin_FriendZone\system\Database\MySQLi\Connection.php(292): mysqli->query('INSERT INTO `of...', 0)
#1 C:\xampp\htdocs\Admin_FriendZone\system\Database\BaseConnection.php(670): CodeIgniter\Database\MySQLi\Connection->execute('INSERT INTO `of...')
#2 C:\xampp\htdocs\Admin_FriendZone\system\Database\BaseConnection.php(598): CodeIgniter\Database\BaseConnection->simpleQuery('INSERT INTO `of...')
#3 C:\xampp\htdocs\Admin_FriendZone\system\Database\BaseBuilder.php(1771): CodeIgniter\Database\BaseConnection->query('INSERT INTO `of...', Array, false)
#4 C:\xampp\htdocs\Admin_FriendZone\system\Model.php(239): CodeIgniter\Database\BaseBuilder->insert()
#5 C:\xampp\htdocs\Admin_FriendZone\system\BaseModel.php(738): CodeIgniter\Model->doInsert(Array)
#6 C:\xampp\htdocs\Admin_FriendZone\system\Model.php(625): CodeIgniter\BaseModel->insert(Array, true)
#7 C:\xampp\htdocs\Admin_FriendZone\app\Controllers\Officer.php(37): CodeIgniter\Model->insert(Array)
#8 C:\xampp\htdocs\Admin_FriendZone\system\CodeIgniter.php(825): App\Controllers\Officer->addOfficer()
#9 C:\xampp\htdocs\Admin_FriendZone\system\CodeIgniter.php(412): CodeIgniter\CodeIgniter->runController(Object(App\Controllers\Officer))
#10 C:\xampp\htdocs\Admin_FriendZone\system\CodeIgniter.php(320): CodeIgniter\CodeIgniter->handleRequest(NULL, Object(Config\Cache), false)
#11 C:\xampp\htdocs\Admin_FriendZone\public\index.php(37): CodeIgniter\CodeIgniter->run()
#12 C:\xampp\htdocs\Admin_FriendZone\system\Commands\Server\rewrite.php(43): require_once('C:\\xampp\\htdocs...')
#13 {main}
ERROR - 2022-01-30 00:50:15 --> Column 'FName' cannot be null
CRITICAL - 2022-01-30 00:50:15 --> Column 'FName' cannot be null
#0 C:\xampp\htdocs\Admin_FriendZone\system\Database\MySQLi\Connection.php(292): mysqli->query('INSERT INTO `of...', 0)
#1 C:\xampp\htdocs\Admin_FriendZone\system\Database\BaseConnection.php(670): CodeIgniter\Database\MySQLi\Connection->execute('INSERT INTO `of...')
#2 C:\xampp\htdocs\Admin_FriendZone\system\Database\BaseConnection.php(598): CodeIgniter\Database\BaseConnection->simpleQuery('INSERT INTO `of...')
#3 C:\xampp\htdocs\Admin_FriendZone\system\Database\BaseBuilder.php(1771): CodeIgniter\Database\BaseConnection->query('INSERT INTO `of...', Array, false)
#4 C:\xampp\htdocs\Admin_FriendZone\system\Model.php(239): CodeIgniter\Database\BaseBuilder->insert()
#5 C:\xampp\htdocs\Admin_FriendZone\system\BaseModel.php(738): CodeIgniter\Model->doInsert(Array)
#6 C:\xampp\htdocs\Admin_FriendZone\system\Model.php(625): CodeIgniter\BaseModel->insert(Array, true)
#7 C:\xampp\htdocs\Admin_FriendZone\app\Controllers\Officer.php(37): CodeIgniter\Model->insert(Array)
#8 C:\xampp\htdocs\Admin_FriendZone\system\CodeIgniter.php(825): App\Controllers\Officer->addOfficer()
#9 C:\xampp\htdocs\Admin_FriendZone\system\CodeIgniter.php(412): CodeIgniter\CodeIgniter->runController(Object(App\Controllers\Officer))
#10 C:\xampp\htdocs\Admin_FriendZone\system\CodeIgniter.php(320): CodeIgniter\CodeIgniter->handleRequest(NULL, Object(Config\Cache), false)
#11 C:\xampp\htdocs\Admin_FriendZone\public\index.php(37): CodeIgniter\CodeIgniter->run()
#12 C:\xampp\htdocs\Admin_FriendZone\system\Commands\Server\rewrite.php(43): require_once('C:\\xampp\\htdocs...')
#13 {main}
ERROR - 2022-01-30 00:50:30 --> Column 'FName' cannot be null
CRITICAL - 2022-01-30 00:50:30 --> Column 'FName' cannot be null
#0 C:\xampp\htdocs\Admin_FriendZone\system\Database\MySQLi\Connection.php(292): mysqli->query('INSERT INTO `of...', 0)
#1 C:\xampp\htdocs\Admin_FriendZone\system\Database\BaseConnection.php(670): CodeIgniter\Database\MySQLi\Connection->execute('INSERT INTO `of...')
#2 C:\xampp\htdocs\Admin_FriendZone\system\Database\BaseConnection.php(598): CodeIgniter\Database\BaseConnection->simpleQuery('INSERT INTO `of...')
#3 C:\xampp\htdocs\Admin_FriendZone\system\Database\BaseBuilder.php(1771): CodeIgniter\Database\BaseConnection->query('INSERT INTO `of...', Array, false)
#4 C:\xampp\htdocs\Admin_FriendZone\system\Model.php(239): CodeIgniter\Database\BaseBuilder->insert()
#5 C:\xampp\htdocs\Admin_FriendZone\system\BaseModel.php(738): CodeIgniter\Model->doInsert(Array)
#6 C:\xampp\htdocs\Admin_FriendZone\system\Model.php(625): CodeIgniter\BaseModel->insert(Array, true)
#7 C:\xampp\htdocs\Admin_FriendZone\app\Controllers\Officer.php(37): CodeIgniter\Model->insert(Array)
#8 C:\xampp\htdocs\Admin_FriendZone\system\CodeIgniter.php(825): App\Controllers\Officer->addOfficer()
#9 C:\xampp\htdocs\Admin_FriendZone\system\CodeIgniter.php(412): CodeIgniter\CodeIgniter->runController(Object(App\Controllers\Officer))
#10 C:\xampp\htdocs\Admin_FriendZone\system\CodeIgniter.php(320): CodeIgniter\CodeIgniter->handleRequest(NULL, Object(Config\Cache), false)
#11 C:\xampp\htdocs\Admin_FriendZone\public\index.php(37): CodeIgniter\CodeIgniter->run()
#12 C:\xampp\htdocs\Admin_FriendZone\system\Commands\Server\rewrite.php(43): require_once('C:\\xampp\\htdocs...')
#13 {main}
ERROR - 2022-01-30 00:50:31 --> Column 'FName' cannot be null
CRITICAL - 2022-01-30 00:50:31 --> Column 'FName' cannot be null
#0 C:\xampp\htdocs\Admin_FriendZone\system\Database\MySQLi\Connection.php(292): mysqli->query('INSERT INTO `of...', 0)
#1 C:\xampp\htdocs\Admin_FriendZone\system\Database\BaseConnection.php(670): CodeIgniter\Database\MySQLi\Connection->execute('INSERT INTO `of...')
#2 C:\xampp\htdocs\Admin_FriendZone\system\Database\BaseConnection.php(598): CodeIgniter\Database\BaseConnection->simpleQuery('INSERT INTO `of...')
#3 C:\xampp\htdocs\Admin_FriendZone\system\Database\BaseBuilder.php(1771): CodeIgniter\Database\BaseConnection->query('INSERT INTO `of...', Array, false)
#4 C:\xampp\htdocs\Admin_FriendZone\system\Model.php(239): CodeIgniter\Database\BaseBuilder->insert()
#5 C:\xampp\htdocs\Admin_FriendZone\system\BaseModel.php(738): CodeIgniter\Model->doInsert(Array)
#6 C:\xampp\htdocs\Admin_FriendZone\system\Model.php(625): CodeIgniter\BaseModel->insert(Array, true)
#7 C:\xampp\htdocs\Admin_FriendZone\app\Controllers\Officer.php(37): CodeIgniter\Model->insert(Array)
#8 C:\xampp\htdocs\Admin_FriendZone\system\CodeIgniter.php(825): App\Controllers\Officer->addOfficer()
#9 C:\xampp\htdocs\Admin_FriendZone\system\CodeIgniter.php(412): CodeIgniter\CodeIgniter->runController(Object(App\Controllers\Officer))
#10 C:\xampp\htdocs\Admin_FriendZone\system\CodeIgniter.php(320): CodeIgniter\CodeIgniter->handleRequest(NULL, Object(Config\Cache), false)
#11 C:\xampp\htdocs\Admin_FriendZone\public\index.php(37): CodeIgniter\CodeIgniter->run()
#12 C:\xampp\htdocs\Admin_FriendZone\system\Commands\Server\rewrite.php(43): require_once('C:\\xampp\\htdocs...')
#13 {main}
ERROR - 2022-01-30 00:50:31 --> Column 'FName' cannot be null
CRITICAL - 2022-01-30 00:50:31 --> Column 'FName' cannot be null
#0 C:\xampp\htdocs\Admin_FriendZone\system\Database\MySQLi\Connection.php(292): mysqli->query('INSERT INTO `of...', 0)
#1 C:\xampp\htdocs\Admin_FriendZone\system\Database\BaseConnection.php(670): CodeIgniter\Database\MySQLi\Connection->execute('INSERT INTO `of...')
#2 C:\xampp\htdocs\Admin_FriendZone\system\Database\BaseConnection.php(598): CodeIgniter\Database\BaseConnection->simpleQuery('INSERT INTO `of...')
#3 C:\xampp\htdocs\Admin_FriendZone\system\Database\BaseBuilder.php(1771): CodeIgniter\Database\BaseConnection->query('INSERT INTO `of...', Array, false)
#4 C:\xampp\htdocs\Admin_FriendZone\system\Model.php(239): CodeIgniter\Database\BaseBuilder->insert()
#5 C:\xampp\htdocs\Admin_FriendZone\system\BaseModel.php(738): CodeIgniter\Model->doInsert(Array)
#6 C:\xampp\htdocs\Admin_FriendZone\system\Model.php(625): CodeIgniter\BaseModel->insert(Array, true)
#7 C:\xampp\htdocs\Admin_FriendZone\app\Controllers\Officer.php(37): CodeIgniter\Model->insert(Array)
#8 C:\xampp\htdocs\Admin_FriendZone\system\CodeIgniter.php(825): App\Controllers\Officer->addOfficer()
#9 C:\xampp\htdocs\Admin_FriendZone\system\CodeIgniter.php(412): CodeIgniter\CodeIgniter->runController(Object(App\Controllers\Officer))
#10 C:\xampp\htdocs\Admin_FriendZone\system\CodeIgniter.php(320): CodeIgniter\CodeIgniter->handleRequest(NULL, Object(Config\Cache), false)
#11 C:\xampp\htdocs\Admin_FriendZone\public\index.php(37): CodeIgniter\CodeIgniter->run()
#12 C:\xampp\htdocs\Admin_FriendZone\system\Commands\Server\rewrite.php(43): require_once('C:\\xampp\\htdocs...')
#13 {main}
ERROR - 2022-01-30 00:50:32 --> Column 'FName' cannot be null
CRITICAL - 2022-01-30 00:50:32 --> Column 'FName' cannot be null
#0 C:\xampp\htdocs\Admin_FriendZone\system\Database\MySQLi\Connection.php(292): mysqli->query('INSERT INTO `of...', 0)
#1 C:\xampp\htdocs\Admin_FriendZone\system\Database\BaseConnection.php(670): CodeIgniter\Database\MySQLi\Connection->execute('INSERT INTO `of...')
#2 C:\xampp\htdocs\Admin_FriendZone\system\Database\BaseConnection.php(598): CodeIgniter\Database\BaseConnection->simpleQuery('INSERT INTO `of...')
#3 C:\xampp\htdocs\Admin_FriendZone\system\Database\BaseBuilder.php(1771): CodeIgniter\Database\BaseConnection->query('INSERT INTO `of...', Array, false)
#4 C:\xampp\htdocs\Admin_FriendZone\system\Model.php(239): CodeIgniter\Database\BaseBuilder->insert()
#5 C:\xampp\htdocs\Admin_FriendZone\system\BaseModel.php(738): CodeIgniter\Model->doInsert(Array)
#6 C:\xampp\htdocs\Admin_FriendZone\system\Model.php(625): CodeIgniter\BaseModel->insert(Array, true)
#7 C:\xampp\htdocs\Admin_FriendZone\app\Controllers\Officer.php(37): CodeIgniter\Model->insert(Array)
#8 C:\xampp\htdocs\Admin_FriendZone\system\CodeIgniter.php(825): App\Controllers\Officer->addOfficer()
#9 C:\xampp\htdocs\Admin_FriendZone\system\CodeIgniter.php(412): CodeIgniter\CodeIgniter->runController(Object(App\Controllers\Officer))
#10 C:\xampp\htdocs\Admin_FriendZone\system\CodeIgniter.php(320): CodeIgniter\CodeIgniter->handleRequest(NULL, Object(Config\Cache), false)
#11 C:\xampp\htdocs\Admin_FriendZone\public\index.php(37): CodeIgniter\CodeIgniter->run()
#12 C:\xampp\htdocs\Admin_FriendZone\system\Commands\Server\rewrite.php(43): require_once('C:\\xampp\\htdocs...')
#13 {main}
ERROR - 2022-01-30 00:50:32 --> Column 'FName' cannot be null
CRITICAL - 2022-01-30 00:50:32 --> Column 'FName' cannot be null
#0 C:\xampp\htdocs\Admin_FriendZone\system\Database\MySQLi\Connection.php(292): mysqli->query('INSERT INTO `of...', 0)
#1 C:\xampp\htdocs\Admin_FriendZone\system\Database\BaseConnection.php(670): CodeIgniter\Database\MySQLi\Connection->execute('INSERT INTO `of...')
#2 C:\xampp\htdocs\Admin_FriendZone\system\Database\BaseConnection.php(598): CodeIgniter\Database\BaseConnection->simpleQuery('INSERT INTO `of...')
#3 C:\xampp\htdocs\Admin_FriendZone\system\Database\BaseBuilder.php(1771): CodeIgniter\Database\BaseConnection->query('INSERT INTO `of...', Array, false)
#4 C:\xampp\htdocs\Admin_FriendZone\system\Model.php(239): CodeIgniter\Database\BaseBuilder->insert()
#5 C:\xampp\htdocs\Admin_FriendZone\system\BaseModel.php(738): CodeIgniter\Model->doInsert(Array)
#6 C:\xampp\htdocs\Admin_FriendZone\system\Model.php(625): CodeIgniter\BaseModel->insert(Array, true)
#7 C:\xampp\htdocs\Admin_FriendZone\app\Controllers\Officer.php(37): CodeIgniter\Model->insert(Array)
#8 C:\xampp\htdocs\Admin_FriendZone\system\CodeIgniter.php(825): App\Controllers\Officer->addOfficer()
#9 C:\xampp\htdocs\Admin_FriendZone\system\CodeIgniter.php(412): CodeIgniter\CodeIgniter->runController(Object(App\Controllers\Officer))
#10 C:\xampp\htdocs\Admin_FriendZone\system\CodeIgniter.php(320): CodeIgniter\CodeIgniter->handleRequest(NULL, Object(Config\Cache), false)
#11 C:\xampp\htdocs\Admin_FriendZone\public\index.php(37): CodeIgniter\CodeIgniter->run()
#12 C:\xampp\htdocs\Admin_FriendZone\system\Commands\Server\rewrite.php(43): require_once('C:\\xampp\\htdocs...')
#13 {main}
ERROR - 2022-01-30 00:50:34 --> Column 'FName' cannot be null
CRITICAL - 2022-01-30 00:50:34 --> Column 'FName' cannot be null
#0 C:\xampp\htdocs\Admin_FriendZone\system\Database\MySQLi\Connection.php(292): mysqli->query('INSERT INTO `of...', 0)
#1 C:\xampp\htdocs\Admin_FriendZone\system\Database\BaseConnection.php(670): CodeIgniter\Database\MySQLi\Connection->execute('INSERT INTO `of...')
#2 C:\xampp\htdocs\Admin_FriendZone\system\Database\BaseConnection.php(598): CodeIgniter\Database\BaseConnection->simpleQuery('INSERT INTO `of...')
#3 C:\xampp\htdocs\Admin_FriendZone\system\Database\BaseBuilder.php(1771): CodeIgniter\Database\BaseConnection->query('INSERT INTO `of...', Array, false)
#4 C:\xampp\htdocs\Admin_FriendZone\system\Model.php(239): CodeIgniter\Database\BaseBuilder->insert()
#5 C:\xampp\htdocs\Admin_FriendZone\system\BaseModel.php(738): CodeIgniter\Model->doInsert(Array)
#6 C:\xampp\htdocs\Admin_FriendZone\system\Model.php(625): CodeIgniter\BaseModel->insert(Array, true)
#7 C:\xampp\htdocs\Admin_FriendZone\app\Controllers\Officer.php(37): CodeIgniter\Model->insert(Array)
#8 C:\xampp\htdocs\Admin_FriendZone\system\CodeIgniter.php(825): App\Controllers\Officer->addOfficer()
#9 C:\xampp\htdocs\Admin_FriendZone\system\CodeIgniter.php(412): CodeIgniter\CodeIgniter->runController(Object(App\Controllers\Officer))
#10 C:\xampp\htdocs\Admin_FriendZone\system\CodeIgniter.php(320): CodeIgniter\CodeIgniter->handleRequest(NULL, Object(Config\Cache), false)
#11 C:\xampp\htdocs\Admin_FriendZone\public\index.php(37): CodeIgniter\CodeIgniter->run()
#12 C:\xampp\htdocs\Admin_FriendZone\system\Commands\Server\rewrite.php(43): require_once('C:\\xampp\\htdocs...')
#13 {main}
ERROR - 2022-01-30 00:50:35 --> Column 'FName' cannot be null
CRITICAL - 2022-01-30 00:50:35 --> Column 'FName' cannot be null
#0 C:\xampp\htdocs\Admin_FriendZone\system\Database\MySQLi\Connection.php(292): mysqli->query('INSERT INTO `of...', 0)
#1 C:\xampp\htdocs\Admin_FriendZone\system\Database\BaseConnection.php(670): CodeIgniter\Database\MySQLi\Connection->execute('INSERT INTO `of...')
#2 C:\xampp\htdocs\Admin_FriendZone\system\Database\BaseConnection.php(598): CodeIgniter\Database\BaseConnection->simpleQuery('INSERT INTO `of...')
#3 C:\xampp\htdocs\Admin_FriendZone\system\Database\BaseBuilder.php(1771): CodeIgniter\Database\BaseConnection->query('INSERT INTO `of...', Array, false)
#4 C:\xampp\htdocs\Admin_FriendZone\system\Model.php(239): CodeIgniter\Database\BaseBuilder->insert()
#5 C:\xampp\htdocs\Admin_FriendZone\system\BaseModel.php(738): CodeIgniter\Model->doInsert(Array)
#6 C:\xampp\htdocs\Admin_FriendZone\system\Model.php(625): CodeIgniter\BaseModel->insert(Array, true)
#7 C:\xampp\htdocs\Admin_FriendZone\app\Controllers\Officer.php(37): CodeIgniter\Model->insert(Array)
#8 C:\xampp\htdocs\Admin_FriendZone\system\CodeIgniter.php(825): App\Controllers\Officer->addOfficer()
#9 C:\xampp\htdocs\Admin_FriendZone\system\CodeIgniter.php(412): CodeIgniter\CodeIgniter->runController(Object(App\Controllers\Officer))
#10 C:\xampp\htdocs\Admin_FriendZone\system\CodeIgniter.php(320): CodeIgniter\CodeIgniter->handleRequest(NULL, Object(Config\Cache), false)
#11 C:\xampp\htdocs\Admin_FriendZone\public\index.php(37): CodeIgniter\CodeIgniter->run()
#12 C:\xampp\htdocs\Admin_FriendZone\system\Commands\Server\rewrite.php(43): require_once('C:\\xampp\\htdocs...')
#13 {main}
ERROR - 2022-01-30 00:52:46 --> Column 'FName' cannot be null
CRITICAL - 2022-01-30 00:52:46 --> Column 'FName' cannot be null
#0 C:\xampp\htdocs\Admin_FriendZone\system\Database\MySQLi\Connection.php(292): mysqli->query('INSERT INTO `of...', 0)
#1 C:\xampp\htdocs\Admin_FriendZone\system\Database\BaseConnection.php(670): CodeIgniter\Database\MySQLi\Connection->execute('INSERT INTO `of...')
#2 C:\xampp\htdocs\Admin_FriendZone\system\Database\BaseConnection.php(598): CodeIgniter\Database\BaseConnection->simpleQuery('INSERT INTO `of...')
#3 C:\xampp\htdocs\Admin_FriendZone\system\Database\BaseBuilder.php(1771): CodeIgniter\Database\BaseConnection->query('INSERT INTO `of...', Array, false)
#4 C:\xampp\htdocs\Admin_FriendZone\system\Model.php(239): CodeIgniter\Database\BaseBuilder->insert()
#5 C:\xampp\htdocs\Admin_FriendZone\system\BaseModel.php(738): CodeIgniter\Model->doInsert(Array)
#6 C:\xampp\htdocs\Admin_FriendZone\system\Model.php(625): CodeIgniter\BaseModel->insert(Array, true)
#7 C:\xampp\htdocs\Admin_FriendZone\app\Controllers\Officer.php(37): CodeIgniter\Model->insert(Array)
#8 C:\xampp\htdocs\Admin_FriendZone\system\CodeIgniter.php(825): App\Controllers\Officer->addOfficer()
#9 C:\xampp\htdocs\Admin_FriendZone\system\CodeIgniter.php(412): CodeIgniter\CodeIgniter->runController(Object(App\Controllers\Officer))
#10 C:\xampp\htdocs\Admin_FriendZone\system\CodeIgniter.php(320): CodeIgniter\CodeIgniter->handleRequest(NULL, Object(Config\Cache), false)
#11 C:\xampp\htdocs\Admin_FriendZone\public\index.php(37): CodeIgniter\CodeIgniter->run()
#12 C:\xampp\htdocs\Admin_FriendZone\system\Commands\Server\rewrite.php(43): require_once('C:\\xampp\\htdocs...')
#13 {main}
ERROR - 2022-01-30 00:54:23 --> Column 'FName' cannot be null
CRITICAL - 2022-01-30 00:54:23 --> Column 'FName' cannot be null
#0 C:\xampp\htdocs\Admin_FriendZone\system\Database\MySQLi\Connection.php(292): mysqli->query('INSERT INTO `of...', 0)
#1 C:\xampp\htdocs\Admin_FriendZone\system\Database\BaseConnection.php(670): CodeIgniter\Database\MySQLi\Connection->execute('INSERT INTO `of...')
#2 C:\xampp\htdocs\Admin_FriendZone\system\Database\BaseConnection.php(598): CodeIgniter\Database\BaseConnection->simpleQuery('INSERT INTO `of...')
#3 C:\xampp\htdocs\Admin_FriendZone\system\Database\BaseBuilder.php(1771): CodeIgniter\Database\BaseConnection->query('INSERT INTO `of...', Array, false)
#4 C:\xampp\htdocs\Admin_FriendZone\system\Model.php(239): CodeIgniter\Database\BaseBuilder->insert()
#5 C:\xampp\htdocs\Admin_FriendZone\system\BaseModel.php(738): CodeIgniter\Model->doInsert(Array)
#6 C:\xampp\htdocs\Admin_FriendZone\system\Model.php(625): CodeIgniter\BaseModel->insert(Array, true)
#7 C:\xampp\htdocs\Admin_FriendZone\app\Controllers\Officer.php(37): CodeIgniter\Model->insert(Array)
#8 C:\xampp\htdocs\Admin_FriendZone\system\CodeIgniter.php(825): App\Controllers\Officer->addOfficer()
#9 C:\xampp\htdocs\Admin_FriendZone\system\CodeIgniter.php(412): CodeIgniter\CodeIgniter->runController(Object(App\Controllers\Officer))
#10 C:\xampp\htdocs\Admin_FriendZone\system\CodeIgniter.php(320): CodeIgniter\CodeIgniter->handleRequest(NULL, Object(Config\Cache), false)
#11 C:\xampp\htdocs\Admin_FriendZone\public\index.php(37): CodeIgniter\CodeIgniter->run()
#12 C:\xampp\htdocs\Admin_FriendZone\system\Commands\Server\rewrite.php(43): require_once('C:\\xampp\\htdocs...')
#13 {main}
CRITICAL - 2022-01-30 01:13:03 --> syntax error, unexpected 'if' (T_IF)
#0 C:\xampp\htdocs\Admin_FriendZone\system\CodeIgniter.php(361): CodeIgniter\CodeIgniter->tryToRouteIt(NULL)
#1 C:\xampp\htdocs\Admin_FriendZone\system\CodeIgniter.php(320): CodeIgniter\CodeIgniter->handleRequest(NULL, Object(Config\Cache), false)
#2 C:\xampp\htdocs\Admin_FriendZone\public\index.php(37): CodeIgniter\CodeIgniter->run()
#3 C:\xampp\htdocs\Admin_FriendZone\system\Commands\Server\rewrite.php(43): require_once('C:\\xampp\\htdocs...')
#4 {main}
CRITICAL - 2022-01-30 01:13:23 --> syntax error, unexpected 'if' (T_IF)
#0 C:\xampp\htdocs\Admin_FriendZone\system\CodeIgniter.php(361): CodeIgniter\CodeIgniter->tryToRouteIt(NULL)
#1 C:\xampp\htdocs\Admin_FriendZone\system\CodeIgniter.php(320): CodeIgniter\CodeIgniter->handleRequest(NULL, Object(Config\Cache), false)
#2 C:\xampp\htdocs\Admin_FriendZone\public\index.php(37): CodeIgniter\CodeIgniter->run()
#3 C:\xampp\htdocs\Admin_FriendZone\system\Commands\Server\rewrite.php(43): require_once('C:\\xampp\\htdocs...')
#4 {main}
CRITICAL - 2022-01-30 01:14:21 --> syntax error, unexpected 'if' (T_IF)
#0 C:\xampp\htdocs\Admin_FriendZone\system\CodeIgniter.php(361): CodeIgniter\CodeIgniter->tryToRouteIt(NULL)
#1 C:\xampp\htdocs\Admin_FriendZone\system\CodeIgniter.php(320): CodeIgniter\CodeIgniter->handleRequest(NULL, Object(Config\Cache), false)
#2 C:\xampp\htdocs\Admin_FriendZone\public\index.php(37): CodeIgniter\CodeIgniter->run()
#3 C:\xampp\htdocs\Admin_FriendZone\system\Commands\Server\rewrite.php(43): require_once('C:\\xampp\\htdocs...')
#4 {main}
CRITICAL - 2022-01-30 01:14:22 --> syntax error, unexpected 'if' (T_IF)
#0 C:\xampp\htdocs\Admin_FriendZone\system\CodeIgniter.php(361): CodeIgniter\CodeIgniter->tryToRouteIt(NULL)
#1 C:\xampp\htdocs\Admin_FriendZone\system\CodeIgniter.php(320): CodeIgniter\CodeIgniter->handleRequest(NULL, Object(Config\Cache), false)
#2 C:\xampp\htdocs\Admin_FriendZone\public\index.php(37): CodeIgniter\CodeIgniter->run()
#3 C:\xampp\htdocs\Admin_FriendZone\system\Commands\Server\rewrite.php(43): require_once('C:\\xampp\\htdocs...')
#4 {main}
CRITICAL - 2022-01-30 01:15:29 --> syntax error, unexpected 'if' (T_IF)
#0 C:\xampp\htdocs\Admin_FriendZone\system\CodeIgniter.php(361): CodeIgniter\CodeIgniter->tryToRouteIt(NULL)
#1 C:\xampp\htdocs\Admin_FriendZone\system\CodeIgniter.php(320): CodeIgniter\CodeIgniter->handleRequest(NULL, Object(Config\Cache), false)
#2 C:\xampp\htdocs\Admin_FriendZone\public\index.php(37): CodeIgniter\CodeIgniter->run()
#3 C:\xampp\htdocs\Admin_FriendZone\system\Commands\Server\rewrite.php(43): require_once('C:\\xampp\\htdocs...')
#4 {main}
