ERROR - 2022-02-03 08:19:30 --> Error connecting to the database: Access denied for user '****'@'localhost' (using password: NO)
CRITICAL - 2022-02-03 08:19:30 --> Unable to connect to the database.
Main connection [MySQLi]: Access denied for user '****'@'localhost' (using password: NO)
#0 C:\xampp\htdocs\Admin_FriendZone\system\Database\BaseConnection.php(577): CodeIgniter\Database\BaseConnection->initialize()
#1 C:\xampp\htdocs\Admin_FriendZone\system\Database\BaseBuilder.php(1455): CodeIgniter\Database\BaseConnection->query('SELECT *\nFROM `...', Array, false)
#2 C:\xampp\htdocs\Admin_FriendZone\system\Model.php(183): CodeIgniter\Database\BaseBuilder->get()
#3 C:\xampp\htdocs\Admin_FriendZone\system\BaseModel.php(584): CodeIgniter\Model->doFindAll(0, 0)
#4 C:\xampp\htdocs\Admin_FriendZone\app\Models\PostModel.php(14): CodeIgniter\BaseModel->findAll()
#5 C:\xampp\htdocs\Admin_FriendZone\app\Controllers\Post.php(18): App\Models\PostModel->viewPost()
#6 C:\xampp\htdocs\Admin_FriendZone\system\CodeIgniter.php(825): App\Controllers\Post->viewPost()
#7 C:\xampp\htdocs\Admin_FriendZone\system\CodeIgniter.php(412): CodeIgniter\CodeIgniter->runController(Object(App\Controllers\Post))
#8 C:\xampp\htdocs\Admin_FriendZone\system\CodeIgniter.php(320): CodeIgniter\CodeIgniter->handleRequest(NULL, Object(Config\Cache), false)
#9 C:\xampp\htdocs\Admin_FriendZone\public\index.php(37): CodeIgniter\CodeIgniter->run()
#10 C:\xampp\htdocs\Admin_FriendZone\system\Commands\Server\rewrite.php(43): require_once('C:\\xampp\\htdocs...')
#11 {main}
ERROR - 2022-02-03 08:20:02 --> Error connecting to the database: Access denied for user '****'@'localhost' (using password: NO)
CRITICAL - 2022-02-03 08:20:02 --> Unable to connect to the database.
Main connection [MySQLi]: Access denied for user '****'@'localhost' (using password: NO)
#0 C:\xampp\htdocs\Admin_FriendZone\system\Database\BaseConnection.php(577): CodeIgniter\Database\BaseConnection->initialize()
#1 C:\xampp\htdocs\Admin_FriendZone\system\Database\BaseBuilder.php(1455): CodeIgniter\Database\BaseConnection->query('SELECT *\nFROM `...', Array, false)
#2 C:\xampp\htdocs\Admin_FriendZone\system\Model.php(183): CodeIgniter\Database\BaseBuilder->get()
#3 C:\xampp\htdocs\Admin_FriendZone\system\BaseModel.php(584): CodeIgniter\Model->doFindAll(0, 0)
#4 C:\xampp\htdocs\Admin_FriendZone\app\Models\PostModel.php(14): CodeIgniter\BaseModel->findAll()
#5 C:\xampp\htdocs\Admin_FriendZone\app\Controllers\Post.php(18): App\Models\PostModel->viewPost()
#6 C:\xampp\htdocs\Admin_FriendZone\system\CodeIgniter.php(825): App\Controllers\Post->viewPost()
#7 C:\xampp\htdocs\Admin_FriendZone\system\CodeIgniter.php(412): CodeIgniter\CodeIgniter->runController(Object(App\Controllers\Post))
#8 C:\xampp\htdocs\Admin_FriendZone\system\CodeIgniter.php(320): CodeIgniter\CodeIgniter->handleRequest(NULL, Object(Config\Cache), false)
#9 C:\xampp\htdocs\Admin_FriendZone\public\index.php(37): CodeIgniter\CodeIgniter->run()
#10 C:\xampp\htdocs\Admin_FriendZone\system\Commands\Server\rewrite.php(43): require_once('C:\\xampp\\htdocs...')
#11 {main}
ERROR - 2022-02-03 08:20:34 --> Error connecting to the database: Access denied for user '****'@'localhost' (using password: NO)
CRITICAL - 2022-02-03 08:20:34 --> Unable to connect to the database.
Main connection [MySQLi]: Access denied for user '****'@'localhost' (using password: NO)
#0 C:\xampp\htdocs\Admin_FriendZone\system\Database\BaseConnection.php(577): CodeIgniter\Database\BaseConnection->initialize()
#1 C:\xampp\htdocs\Admin_FriendZone\system\Database\BaseBuilder.php(1455): CodeIgniter\Database\BaseConnection->query('SELECT *\nFROM `...', Array, false)
#2 C:\xampp\htdocs\Admin_FriendZone\system\Model.php(183): CodeIgniter\Database\BaseBuilder->get()
#3 C:\xampp\htdocs\Admin_FriendZone\system\BaseModel.php(584): CodeIgniter\Model->doFindAll(0, 0)
#4 C:\xampp\htdocs\Admin_FriendZone\app\Models\PostModel.php(14): CodeIgniter\BaseModel->findAll()
#5 C:\xampp\htdocs\Admin_FriendZone\app\Controllers\Post.php(18): App\Models\PostModel->viewPost()
#6 C:\xampp\htdocs\Admin_FriendZone\system\CodeIgniter.php(825): App\Controllers\Post->viewPost()
#7 C:\xampp\htdocs\Admin_FriendZone\system\CodeIgniter.php(412): CodeIgniter\CodeIgniter->runController(Object(App\Controllers\Post))
#8 C:\xampp\htdocs\Admin_FriendZone\system\CodeIgniter.php(320): CodeIgniter\CodeIgniter->handleRequest(NULL, Object(Config\Cache), false)
#9 C:\xampp\htdocs\Admin_FriendZone\public\index.php(37): CodeIgniter\CodeIgniter->run()
#10 C:\xampp\htdocs\Admin_FriendZone\system\Commands\Server\rewrite.php(43): require_once('C:\\xampp\\htdocs...')
#11 {main}
ERROR - 2022-02-03 08:23:40 --> Error connecting to the database: Access denied for user '****'@'localhost' (using password: NO)
CRITICAL - 2022-02-03 08:23:40 --> Unable to connect to the database.
Main connection [MySQLi]: Access denied for user '****'@'localhost' (using password: NO)
#0 C:\xampp\htdocs\Admin_FriendZone\system\Database\BaseConnection.php(577): CodeIgniter\Database\BaseConnection->initialize()
#1 C:\xampp\htdocs\Admin_FriendZone\system\Database\BaseBuilder.php(1455): CodeIgniter\Database\BaseConnection->query('SELECT *\nFROM `...', Array, false)
#2 C:\xampp\htdocs\Admin_FriendZone\system\Model.php(183): CodeIgniter\Database\BaseBuilder->get()
#3 C:\xampp\htdocs\Admin_FriendZone\system\BaseModel.php(584): CodeIgniter\Model->doFindAll(0, 0)
#4 C:\xampp\htdocs\Admin_FriendZone\app\Models\PostModel.php(14): CodeIgniter\BaseModel->findAll()
#5 C:\xampp\htdocs\Admin_FriendZone\app\Controllers\Post.php(18): App\Models\PostModel->viewPost()
#6 C:\xampp\htdocs\Admin_FriendZone\system\CodeIgniter.php(825): App\Controllers\Post->viewPost()
#7 C:\xampp\htdocs\Admin_FriendZone\system\CodeIgniter.php(412): CodeIgniter\CodeIgniter->runController(Object(App\Controllers\Post))
#8 C:\xampp\htdocs\Admin_FriendZone\system\CodeIgniter.php(320): CodeIgniter\CodeIgniter->handleRequest(NULL, Object(Config\Cache), false)
#9 C:\xampp\htdocs\Admin_FriendZone\public\index.php(37): CodeIgniter\CodeIgniter->run()
#10 C:\xampp\htdocs\Admin_FriendZone\system\Commands\Server\rewrite.php(43): require_once('C:\\xampp\\htdocs...')
#11 {main}
ERROR - 2022-02-03 20:00:35 --> Error connecting to the database: No connection could be made because the target machine actively refused it.

CRITICAL - 2022-02-03 20:00:35 --> Unable to connect to the database.
Main connection [MySQLi]: No connection could be made because the target machine actively refused it.

#0 C:\xampp\htdocs\Admin_FriendZone\system\Database\BaseConnection.php(577): CodeIgniter\Database\BaseConnection->initialize()
#1 C:\xampp\htdocs\Admin_FriendZone\system\Database\BaseBuilder.php(1455): CodeIgniter\Database\BaseConnection->query('SELECT *\nFROM `...', Array, false)
#2 C:\xampp\htdocs\Admin_FriendZone\system\Model.php(183): CodeIgniter\Database\BaseBuilder->get()
#3 C:\xampp\htdocs\Admin_FriendZone\system\BaseModel.php(584): CodeIgniter\Model->doFindAll(0, 0)
#4 C:\xampp\htdocs\Admin_FriendZone\app\Models\PostModel.php(14): CodeIgniter\BaseModel->findAll()
#5 C:\xampp\htdocs\Admin_FriendZone\app\Controllers\Post.php(18): App\Models\PostModel->viewPost()
#6 C:\xampp\htdocs\Admin_FriendZone\system\CodeIgniter.php(825): App\Controllers\Post->viewPost()
#7 C:\xampp\htdocs\Admin_FriendZone\system\CodeIgniter.php(412): CodeIgniter\CodeIgniter->runController(Object(App\Controllers\Post))
#8 C:\xampp\htdocs\Admin_FriendZone\system\CodeIgniter.php(320): CodeIgniter\CodeIgniter->handleRequest(NULL, Object(Config\Cache), false)
#9 C:\xampp\htdocs\Admin_FriendZone\public\index.php(37): CodeIgniter\CodeIgniter->run()
#10 C:\xampp\htdocs\Admin_FriendZone\system\Commands\Server\rewrite.php(43): require_once('C:\\xampp\\htdocs...')
#11 {main}
ERROR - 2022-02-03 20:01:29 --> Error connecting to the database: No connection could be made because the target machine actively refused it.

CRITICAL - 2022-02-03 20:01:29 --> Unable to connect to the database.
Main connection [MySQLi]: No connection could be made because the target machine actively refused it.

#0 C:\xampp\htdocs\Admin_FriendZone\system\Database\BaseConnection.php(577): CodeIgniter\Database\BaseConnection->initialize()
#1 C:\xampp\htdocs\Admin_FriendZone\system\Database\BaseBuilder.php(1455): CodeIgniter\Database\BaseConnection->query('SELECT *\nFROM `...', Array, false)
#2 C:\xampp\htdocs\Admin_FriendZone\system\Model.php(183): CodeIgniter\Database\BaseBuilder->get()
#3 C:\xampp\htdocs\Admin_FriendZone\system\BaseModel.php(584): CodeIgniter\Model->doFindAll(0, 0)
#4 C:\xampp\htdocs\Admin_FriendZone\app\Models\PostModel.php(14): CodeIgniter\BaseModel->findAll()
#5 C:\xampp\htdocs\Admin_FriendZone\app\Controllers\Post.php(18): App\Models\PostModel->viewPost()
#6 C:\xampp\htdocs\Admin_FriendZone\system\CodeIgniter.php(825): App\Controllers\Post->viewPost()
#7 C:\xampp\htdocs\Admin_FriendZone\system\CodeIgniter.php(412): CodeIgniter\CodeIgniter->runController(Object(App\Controllers\Post))
#8 C:\xampp\htdocs\Admin_FriendZone\system\CodeIgniter.php(320): CodeIgniter\CodeIgniter->handleRequest(NULL, Object(Config\Cache), false)
#9 C:\xampp\htdocs\Admin_FriendZone\public\index.php(37): CodeIgniter\CodeIgniter->run()
#10 C:\xampp\htdocs\Admin_FriendZone\system\Commands\Server\rewrite.php(43): require_once('C:\\xampp\\htdocs...')
#11 {main}
