CRITICAL - 2022-03-07 01:21:14 --> Undefined variable: user
#0 C:\xampp\htdocs\Admin_FromUseCase\app\Views\dataUser.php(273): CodeIgniter\Debug\Exceptions->errorHandler(8, 'Undefined varia...', 'C:\\xampp\\htdocs...', 273, Array)
#1 C:\xampp\htdocs\Admin_FromUseCase\system\View\View.php(210): include('C:\\xampp\\htdocs...')
#2 C:\xampp\htdocs\Admin_FromUseCase\system\View\View.php(213): CodeIgniter\View\View->CodeIgniter\View\{closure}()
#3 C:\xampp\htdocs\Admin_FromUseCase\system\Common.php(1089): CodeIgniter\View\View->render('dataUser', Array, true)
#4 C:\xampp\htdocs\Admin_FromUseCase\app\Controllers\User.php(18): view('dataUser')
#5 C:\xampp\htdocs\Admin_FromUseCase\system\CodeIgniter.php(825): App\Controllers\User->viewUser2('31')
#6 C:\xampp\htdocs\Admin_FromUseCase\system\CodeIgniter.php(412): CodeIgniter\CodeIgniter->runController(Object(App\Controllers\User))
#7 C:\xampp\htdocs\Admin_FromUseCase\system\CodeIgniter.php(320): CodeIgniter\CodeIgniter->handleRequest(NULL, Object(Config\Cache), false)
#8 C:\xampp\htdocs\Admin_FromUseCase\public\index.php(37): CodeIgniter\CodeIgniter->run()
#9 C:\xampp\htdocs\Admin_FromUseCase\system\Commands\Server\rewrite.php(43): require_once('C:\\xampp\\htdocs...')
#10 {main}
CRITICAL - 2022-03-07 01:28:27 --> Undefined variable: user
#0 C:\xampp\htdocs\Admin_FromUseCase\app\Views\dataUser.php(29): CodeIgniter\Debug\Exceptions->errorHandler(8, 'Undefined varia...', 'C:\\xampp\\htdocs...', 29, Array)
#1 C:\xampp\htdocs\Admin_FromUseCase\system\View\View.php(210): include('C:\\xampp\\htdocs...')
#2 C:\xampp\htdocs\Admin_FromUseCase\system\View\View.php(213): CodeIgniter\View\View->CodeIgniter\View\{closure}()
#3 C:\xampp\htdocs\Admin_FromUseCase\system\Common.php(1089): CodeIgniter\View\View->render('dataUser', Array, true)
#4 C:\xampp\htdocs\Admin_FromUseCase\app\Controllers\User.php(18): view('dataUser')
#5 C:\xampp\htdocs\Admin_FromUseCase\system\CodeIgniter.php(825): App\Controllers\User->viewUser2('31')
#6 C:\xampp\htdocs\Admin_FromUseCase\system\CodeIgniter.php(412): CodeIgniter\CodeIgniter->runController(Object(App\Controllers\User))
#7 C:\xampp\htdocs\Admin_FromUseCase\system\CodeIgniter.php(320): CodeIgniter\CodeIgniter->handleRequest(NULL, Object(Config\Cache), false)
#8 C:\xampp\htdocs\Admin_FromUseCase\public\index.php(37): CodeIgniter\CodeIgniter->run()
#9 C:\xampp\htdocs\Admin_FromUseCase\system\Commands\Server\rewrite.php(43): require_once('C:\\xampp\\htdocs...')
#10 {main}
CRITICAL - 2022-03-07 01:42:44 --> Undefined index: FName
#0 C:\xampp\htdocs\Admin_FromUseCase\app\Views\dataUser.php(29): CodeIgniter\Debug\Exceptions->errorHandler(8, 'Undefined index...', 'C:\\xampp\\htdocs...', 29, Array)
#1 C:\xampp\htdocs\Admin_FromUseCase\system\View\View.php(210): include('C:\\xampp\\htdocs...')
#2 C:\xampp\htdocs\Admin_FromUseCase\system\View\View.php(213): CodeIgniter\View\View->CodeIgniter\View\{closure}()
#3 C:\xampp\htdocs\Admin_FromUseCase\system\Common.php(1089): CodeIgniter\View\View->render('dataUser', Array, true)
#4 C:\xampp\htdocs\Admin_FromUseCase\app\Controllers\User.php(20): view('dataUser', Array)
#5 C:\xampp\htdocs\Admin_FromUseCase\system\CodeIgniter.php(825): App\Controllers\User->viewUser2('31')
#6 C:\xampp\htdocs\Admin_FromUseCase\system\CodeIgniter.php(412): CodeIgniter\CodeIgniter->runController(Object(App\Controllers\User))
#7 C:\xampp\htdocs\Admin_FromUseCase\system\CodeIgniter.php(320): CodeIgniter\CodeIgniter->handleRequest(NULL, Object(Config\Cache), false)
#8 C:\xampp\htdocs\Admin_FromUseCase\public\index.php(37): CodeIgniter\CodeIgniter->run()
#9 C:\xampp\htdocs\Admin_FromUseCase\system\Commands\Server\rewrite.php(43): require_once('C:\\xampp\\htdocs...')
#10 {main}
CRITICAL - 2022-03-07 01:43:37 --> Undefined index: FName
#0 C:\xampp\htdocs\Admin_FromUseCase\app\Views\dataUser.php(30): CodeIgniter\Debug\Exceptions->errorHandler(8, 'Undefined index...', 'C:\\xampp\\htdocs...', 30, Array)
#1 C:\xampp\htdocs\Admin_FromUseCase\system\View\View.php(210): include('C:\\xampp\\htdocs...')
#2 C:\xampp\htdocs\Admin_FromUseCase\system\View\View.php(213): CodeIgniter\View\View->CodeIgniter\View\{closure}()
#3 C:\xampp\htdocs\Admin_FromUseCase\system\Common.php(1089): CodeIgniter\View\View->render('dataUser', Array, true)
#4 C:\xampp\htdocs\Admin_FromUseCase\app\Controllers\User.php(20): view('dataUser', Array)
#5 C:\xampp\htdocs\Admin_FromUseCase\system\CodeIgniter.php(825): App\Controllers\User->viewUser2('31')
#6 C:\xampp\htdocs\Admin_FromUseCase\system\CodeIgniter.php(412): CodeIgniter\CodeIgniter->runController(Object(App\Controllers\User))
#7 C:\xampp\htdocs\Admin_FromUseCase\system\CodeIgniter.php(320): CodeIgniter\CodeIgniter->handleRequest(NULL, Object(Config\Cache), false)
#8 C:\xampp\htdocs\Admin_FromUseCase\public\index.php(37): CodeIgniter\CodeIgniter->run()
#9 C:\xampp\htdocs\Admin_FromUseCase\system\Commands\Server\rewrite.php(43): require_once('C:\\xampp\\htdocs...')
#10 {main}
CRITICAL - 2022-03-07 01:44:55 --> Undefined index: Workplace
#0 C:\xampp\htdocs\Admin_FromUseCase\app\Views\dataUser.php(42): CodeIgniter\Debug\Exceptions->errorHandler(8, 'Undefined index...', 'C:\\xampp\\htdocs...', 42, Array)
#1 C:\xampp\htdocs\Admin_FromUseCase\system\View\View.php(210): include('C:\\xampp\\htdocs...')
#2 C:\xampp\htdocs\Admin_FromUseCase\system\View\View.php(213): CodeIgniter\View\View->CodeIgniter\View\{closure}()
#3 C:\xampp\htdocs\Admin_FromUseCase\system\Common.php(1089): CodeIgniter\View\View->render('dataUser', Array, true)
#4 C:\xampp\htdocs\Admin_FromUseCase\app\Controllers\User.php(20): view('dataUser', Array)
#5 C:\xampp\htdocs\Admin_FromUseCase\system\CodeIgniter.php(825): App\Controllers\User->viewUser2('31')
#6 C:\xampp\htdocs\Admin_FromUseCase\system\CodeIgniter.php(412): CodeIgniter\CodeIgniter->runController(Object(App\Controllers\User))
#7 C:\xampp\htdocs\Admin_FromUseCase\system\CodeIgniter.php(320): CodeIgniter\CodeIgniter->handleRequest(NULL, Object(Config\Cache), false)
#8 C:\xampp\htdocs\Admin_FromUseCase\public\index.php(37): CodeIgniter\CodeIgniter->run()
#9 C:\xampp\htdocs\Admin_FromUseCase\system\Commands\Server\rewrite.php(43): require_once('C:\\xampp\\htdocs...')
#10 {main}
CRITICAL - 2022-03-07 01:44:56 --> Undefined index: Workplace
#0 C:\xampp\htdocs\Admin_FromUseCase\app\Views\dataUser.php(42): CodeIgniter\Debug\Exceptions->errorHandler(8, 'Undefined index...', 'C:\\xampp\\htdocs...', 42, Array)
#1 C:\xampp\htdocs\Admin_FromUseCase\system\View\View.php(210): include('C:\\xampp\\htdocs...')
#2 C:\xampp\htdocs\Admin_FromUseCase\system\View\View.php(213): CodeIgniter\View\View->CodeIgniter\View\{closure}()
#3 C:\xampp\htdocs\Admin_FromUseCase\system\Common.php(1089): CodeIgniter\View\View->render('dataUser', Array, true)
#4 C:\xampp\htdocs\Admin_FromUseCase\app\Controllers\User.php(20): view('dataUser', Array)
#5 C:\xampp\htdocs\Admin_FromUseCase\system\CodeIgniter.php(825): App\Controllers\User->viewUser2('31')
#6 C:\xampp\htdocs\Admin_FromUseCase\system\CodeIgniter.php(412): CodeIgniter\CodeIgniter->runController(Object(App\Controllers\User))
#7 C:\xampp\htdocs\Admin_FromUseCase\system\CodeIgniter.php(320): CodeIgniter\CodeIgniter->handleRequest(NULL, Object(Config\Cache), false)
#8 C:\xampp\htdocs\Admin_FromUseCase\public\index.php(37): CodeIgniter\CodeIgniter->run()
#9 C:\xampp\htdocs\Admin_FromUseCase\system\Commands\Server\rewrite.php(43): require_once('C:\\xampp\\htdocs...')
#10 {main}
CRITICAL - 2022-03-07 01:51:23 --> Undefined variable: id
#0 C:\xampp\htdocs\Admin_FromUseCase\app\Controllers\User.php(18): CodeIgniter\Debug\Exceptions->errorHandler(8, 'Undefined varia...', 'C:\\xampp\\htdocs...', 18, Array)
#1 C:\xampp\htdocs\Admin_FromUseCase\system\CodeIgniter.php(825): App\Controllers\User->viewUser2('31')
#2 C:\xampp\htdocs\Admin_FromUseCase\system\CodeIgniter.php(412): CodeIgniter\CodeIgniter->runController(Object(App\Controllers\User))
#3 C:\xampp\htdocs\Admin_FromUseCase\system\CodeIgniter.php(320): CodeIgniter\CodeIgniter->handleRequest(NULL, Object(Config\Cache), false)
#4 C:\xampp\htdocs\Admin_FromUseCase\public\index.php(37): CodeIgniter\CodeIgniter->run()
#5 C:\xampp\htdocs\Admin_FromUseCase\system\Commands\Server\rewrite.php(43): require_once('C:\\xampp\\htdocs...')
#6 {main}
CRITICAL - 2022-03-07 01:51:25 --> Undefined variable: id
#0 C:\xampp\htdocs\Admin_FromUseCase\app\Controllers\User.php(18): CodeIgniter\Debug\Exceptions->errorHandler(8, 'Undefined varia...', 'C:\\xampp\\htdocs...', 18, Array)
#1 C:\xampp\htdocs\Admin_FromUseCase\system\CodeIgniter.php(825): App\Controllers\User->viewUser2('31')
#2 C:\xampp\htdocs\Admin_FromUseCase\system\CodeIgniter.php(412): CodeIgniter\CodeIgniter->runController(Object(App\Controllers\User))
#3 C:\xampp\htdocs\Admin_FromUseCase\system\CodeIgniter.php(320): CodeIgniter\CodeIgniter->handleRequest(NULL, Object(Config\Cache), false)
#4 C:\xampp\htdocs\Admin_FromUseCase\public\index.php(37): CodeIgniter\CodeIgniter->run()
#5 C:\xampp\htdocs\Admin_FromUseCase\system\Commands\Server\rewrite.php(43): require_once('C:\\xampp\\htdocs...')
#6 {main}
CRITICAL - 2022-03-07 01:53:29 --> Undefined index: userId
#0 C:\xampp\htdocs\Admin_FromUseCase\app\Controllers\User.php(18): CodeIgniter\Debug\Exceptions->errorHandler(8, 'Undefined index...', 'C:\\xampp\\htdocs...', 18, Array)
#1 C:\xampp\htdocs\Admin_FromUseCase\system\CodeIgniter.php(825): App\Controllers\User->viewUser2('31')
#2 C:\xampp\htdocs\Admin_FromUseCase\system\CodeIgniter.php(412): CodeIgniter\CodeIgniter->runController(Object(App\Controllers\User))
#3 C:\xampp\htdocs\Admin_FromUseCase\system\CodeIgniter.php(320): CodeIgniter\CodeIgniter->handleRequest(NULL, Object(Config\Cache), false)
#4 C:\xampp\htdocs\Admin_FromUseCase\public\index.php(37): CodeIgniter\CodeIgniter->run()
#5 C:\xampp\htdocs\Admin_FromUseCase\system\Commands\Server\rewrite.php(43): require_once('C:\\xampp\\htdocs...')
#6 {main}
CRITICAL - 2022-03-07 01:53:56 --> Undefined index: userId
#0 C:\xampp\htdocs\Admin_FromUseCase\app\Controllers\User.php(18): CodeIgniter\Debug\Exceptions->errorHandler(8, 'Undefined index...', 'C:\\xampp\\htdocs...', 18, Array)
#1 C:\xampp\htdocs\Admin_FromUseCase\system\CodeIgniter.php(825): App\Controllers\User->viewUser2('31')
#2 C:\xampp\htdocs\Admin_FromUseCase\system\CodeIgniter.php(412): CodeIgniter\CodeIgniter->runController(Object(App\Controllers\User))
#3 C:\xampp\htdocs\Admin_FromUseCase\system\CodeIgniter.php(320): CodeIgniter\CodeIgniter->handleRequest(NULL, Object(Config\Cache), false)
#4 C:\xampp\htdocs\Admin_FromUseCase\public\index.php(37): CodeIgniter\CodeIgniter->run()
#5 C:\xampp\htdocs\Admin_FromUseCase\system\Commands\Server\rewrite.php(43): require_once('C:\\xampp\\htdocs...')
#6 {main}
CRITICAL - 2022-03-07 01:58:37 --> Undefined index: userId
#0 C:\xampp\htdocs\Admin_FromUseCase\app\Controllers\User.php(18): CodeIgniter\Debug\Exceptions->errorHandler(8, 'Undefined index...', 'C:\\xampp\\htdocs...', 18, Array)
#1 C:\xampp\htdocs\Admin_FromUseCase\system\CodeIgniter.php(825): App\Controllers\User->viewUser2('31')
#2 C:\xampp\htdocs\Admin_FromUseCase\system\CodeIgniter.php(412): CodeIgniter\CodeIgniter->runController(Object(App\Controllers\User))
#3 C:\xampp\htdocs\Admin_FromUseCase\system\CodeIgniter.php(320): CodeIgniter\CodeIgniter->handleRequest(NULL, Object(Config\Cache), false)
#4 C:\xampp\htdocs\Admin_FromUseCase\public\index.php(37): CodeIgniter\CodeIgniter->run()
#5 C:\xampp\htdocs\Admin_FromUseCase\system\Commands\Server\rewrite.php(43): require_once('C:\\xampp\\htdocs...')
#6 {main}
CRITICAL - 2022-03-07 01:58:40 --> Undefined index: userId
#0 C:\xampp\htdocs\Admin_FromUseCase\app\Controllers\User.php(18): CodeIgniter\Debug\Exceptions->errorHandler(8, 'Undefined index...', 'C:\\xampp\\htdocs...', 18, Array)
#1 C:\xampp\htdocs\Admin_FromUseCase\system\CodeIgniter.php(825): App\Controllers\User->viewUser2('37')
#2 C:\xampp\htdocs\Admin_FromUseCase\system\CodeIgniter.php(412): CodeIgniter\CodeIgniter->runController(Object(App\Controllers\User))
#3 C:\xampp\htdocs\Admin_FromUseCase\system\CodeIgniter.php(320): CodeIgniter\CodeIgniter->handleRequest(NULL, Object(Config\Cache), false)
#4 C:\xampp\htdocs\Admin_FromUseCase\public\index.php(37): CodeIgniter\CodeIgniter->run()
#5 C:\xampp\htdocs\Admin_FromUseCase\system\Commands\Server\rewrite.php(43): require_once('C:\\xampp\\htdocs...')
#6 {main}
CRITICAL - 2022-03-07 02:03:37 --> Undefined variable: id
#0 C:\xampp\htdocs\Admin_FromUseCase\app\Controllers\User.php(18): CodeIgniter\Debug\Exceptions->errorHandler(8, 'Undefined varia...', 'C:\\xampp\\htdocs...', 18, Array)
#1 C:\xampp\htdocs\Admin_FromUseCase\system\CodeIgniter.php(825): App\Controllers\User->viewUser2('31')
#2 C:\xampp\htdocs\Admin_FromUseCase\system\CodeIgniter.php(412): CodeIgniter\CodeIgniter->runController(Object(App\Controllers\User))
#3 C:\xampp\htdocs\Admin_FromUseCase\system\CodeIgniter.php(320): CodeIgniter\CodeIgniter->handleRequest(NULL, Object(Config\Cache), false)
#4 C:\xampp\htdocs\Admin_FromUseCase\public\index.php(37): CodeIgniter\CodeIgniter->run()
#5 C:\xampp\htdocs\Admin_FromUseCase\system\Commands\Server\rewrite.php(43): require_once('C:\\xampp\\htdocs...')
#6 {main}
CRITICAL - 2022-03-07 02:08:38 --> Undefined variable: user
#0 C:\xampp\htdocs\Admin_FromUseCase\app\Views\dataUser.php(30): CodeIgniter\Debug\Exceptions->errorHandler(8, 'Undefined varia...', 'C:\\xampp\\htdocs...', 30, Array)
#1 C:\xampp\htdocs\Admin_FromUseCase\system\View\View.php(210): include('C:\\xampp\\htdocs...')
#2 C:\xampp\htdocs\Admin_FromUseCase\system\View\View.php(213): CodeIgniter\View\View->CodeIgniter\View\{closure}()
#3 C:\xampp\htdocs\Admin_FromUseCase\system\Common.php(1089): CodeIgniter\View\View->render('dataUser', Array, true)
#4 C:\xampp\htdocs\Admin_FromUseCase\app\Controllers\User.php(23): view('dataUser')
#5 C:\xampp\htdocs\Admin_FromUseCase\system\CodeIgniter.php(825): App\Controllers\User->viewUser2('1515151515151')
#6 C:\xampp\htdocs\Admin_FromUseCase\system\CodeIgniter.php(412): CodeIgniter\CodeIgniter->runController(Object(App\Controllers\User))
#7 C:\xampp\htdocs\Admin_FromUseCase\system\CodeIgniter.php(320): CodeIgniter\CodeIgniter->handleRequest(NULL, Object(Config\Cache), false)
#8 C:\xampp\htdocs\Admin_FromUseCase\public\index.php(37): CodeIgniter\CodeIgniter->run()
#9 C:\xampp\htdocs\Admin_FromUseCase\system\Commands\Server\rewrite.php(43): require_once('C:\\xampp\\htdocs...')
#10 {main}
CRITICAL - 2022-03-07 02:08:41 --> Undefined variable: user
#0 C:\xampp\htdocs\Admin_FromUseCase\app\Views\dataUser.php(30): CodeIgniter\Debug\Exceptions->errorHandler(8, 'Undefined varia...', 'C:\\xampp\\htdocs...', 30, Array)
#1 C:\xampp\htdocs\Admin_FromUseCase\system\View\View.php(210): include('C:\\xampp\\htdocs...')
#2 C:\xampp\htdocs\Admin_FromUseCase\system\View\View.php(213): CodeIgniter\View\View->CodeIgniter\View\{closure}()
#3 C:\xampp\htdocs\Admin_FromUseCase\system\Common.php(1089): CodeIgniter\View\View->render('dataUser', Array, true)
#4 C:\xampp\htdocs\Admin_FromUseCase\app\Controllers\User.php(23): view('dataUser')
#5 C:\xampp\htdocs\Admin_FromUseCase\system\CodeIgniter.php(825): App\Controllers\User->viewUser2('1739920123456')
#6 C:\xampp\htdocs\Admin_FromUseCase\system\CodeIgniter.php(412): CodeIgniter\CodeIgniter->runController(Object(App\Controllers\User))
#7 C:\xampp\htdocs\Admin_FromUseCase\system\CodeIgniter.php(320): CodeIgniter\CodeIgniter->handleRequest(NULL, Object(Config\Cache), false)
#8 C:\xampp\htdocs\Admin_FromUseCase\public\index.php(37): CodeIgniter\CodeIgniter->run()
#9 C:\xampp\htdocs\Admin_FromUseCase\system\Commands\Server\rewrite.php(43): require_once('C:\\xampp\\htdocs...')
#10 {main}
CRITICAL - 2022-03-07 02:08:44 --> Undefined variable: user
#0 C:\xampp\htdocs\Admin_FromUseCase\app\Views\dataUser.php(30): CodeIgniter\Debug\Exceptions->errorHandler(8, 'Undefined varia...', 'C:\\xampp\\htdocs...', 30, Array)
#1 C:\xampp\htdocs\Admin_FromUseCase\system\View\View.php(210): include('C:\\xampp\\htdocs...')
#2 C:\xampp\htdocs\Admin_FromUseCase\system\View\View.php(213): CodeIgniter\View\View->CodeIgniter\View\{closure}()
#3 C:\xampp\htdocs\Admin_FromUseCase\system\Common.php(1089): CodeIgniter\View\View->render('dataUser', Array, true)
#4 C:\xampp\htdocs\Admin_FromUseCase\app\Controllers\User.php(23): view('dataUser')
#5 C:\xampp\htdocs\Admin_FromUseCase\system\CodeIgniter.php(825): App\Controllers\User->viewUser2('1739920123456')
#6 C:\xampp\htdocs\Admin_FromUseCase\system\CodeIgniter.php(412): CodeIgniter\CodeIgniter->runController(Object(App\Controllers\User))
#7 C:\xampp\htdocs\Admin_FromUseCase\system\CodeIgniter.php(320): CodeIgniter\CodeIgniter->handleRequest(NULL, Object(Config\Cache), false)
#8 C:\xampp\htdocs\Admin_FromUseCase\public\index.php(37): CodeIgniter\CodeIgniter->run()
#9 C:\xampp\htdocs\Admin_FromUseCase\system\Commands\Server\rewrite.php(43): require_once('C:\\xampp\\htdocs...')
#10 {main}
CRITICAL - 2022-03-07 02:09:03 --> Undefined variable: user
#0 C:\xampp\htdocs\Admin_FromUseCase\app\Views\dataUser.php(30): CodeIgniter\Debug\Exceptions->errorHandler(8, 'Undefined varia...', 'C:\\xampp\\htdocs...', 30, Array)
#1 C:\xampp\htdocs\Admin_FromUseCase\system\View\View.php(210): include('C:\\xampp\\htdocs...')
#2 C:\xampp\htdocs\Admin_FromUseCase\system\View\View.php(213): CodeIgniter\View\View->CodeIgniter\View\{closure}()
#3 C:\xampp\htdocs\Admin_FromUseCase\system\Common.php(1089): CodeIgniter\View\View->render('dataUser', Array, true)
#4 C:\xampp\htdocs\Admin_FromUseCase\app\Controllers\User.php(23): view('dataUser')
#5 C:\xampp\htdocs\Admin_FromUseCase\system\CodeIgniter.php(825): App\Controllers\User->viewUser2('1739920123456')
#6 C:\xampp\htdocs\Admin_FromUseCase\system\CodeIgniter.php(412): CodeIgniter\CodeIgniter->runController(Object(App\Controllers\User))
#7 C:\xampp\htdocs\Admin_FromUseCase\system\CodeIgniter.php(320): CodeIgniter\CodeIgniter->handleRequest(NULL, Object(Config\Cache), false)
#8 C:\xampp\htdocs\Admin_FromUseCase\public\index.php(37): CodeIgniter\CodeIgniter->run()
#9 C:\xampp\htdocs\Admin_FromUseCase\system\Commands\Server\rewrite.php(43): require_once('C:\\xampp\\htdocs...')
#10 {main}
CRITICAL - 2022-03-07 02:09:06 --> Undefined variable: user
#0 C:\xampp\htdocs\Admin_FromUseCase\app\Views\dataUser.php(30): CodeIgniter\Debug\Exceptions->errorHandler(8, 'Undefined varia...', 'C:\\xampp\\htdocs...', 30, Array)
#1 C:\xampp\htdocs\Admin_FromUseCase\system\View\View.php(210): include('C:\\xampp\\htdocs...')
#2 C:\xampp\htdocs\Admin_FromUseCase\system\View\View.php(213): CodeIgniter\View\View->CodeIgniter\View\{closure}()
#3 C:\xampp\htdocs\Admin_FromUseCase\system\Common.php(1089): CodeIgniter\View\View->render('dataUser', Array, true)
#4 C:\xampp\htdocs\Admin_FromUseCase\app\Controllers\User.php(23): view('dataUser')
#5 C:\xampp\htdocs\Admin_FromUseCase\system\CodeIgniter.php(825): App\Controllers\User->viewUser2('1515151515151')
#6 C:\xampp\htdocs\Admin_FromUseCase\system\CodeIgniter.php(412): CodeIgniter\CodeIgniter->runController(Object(App\Controllers\User))
#7 C:\xampp\htdocs\Admin_FromUseCase\system\CodeIgniter.php(320): CodeIgniter\CodeIgniter->handleRequest(NULL, Object(Config\Cache), false)
#8 C:\xampp\htdocs\Admin_FromUseCase\public\index.php(37): CodeIgniter\CodeIgniter->run()
#9 C:\xampp\htdocs\Admin_FromUseCase\system\Commands\Server\rewrite.php(43): require_once('C:\\xampp\\htdocs...')
#10 {main}
CRITICAL - 2022-03-07 02:09:10 --> Undefined variable: user
#0 C:\xampp\htdocs\Admin_FromUseCase\app\Views\dataUser.php(30): CodeIgniter\Debug\Exceptions->errorHandler(8, 'Undefined varia...', 'C:\\xampp\\htdocs...', 30, Array)
#1 C:\xampp\htdocs\Admin_FromUseCase\system\View\View.php(210): include('C:\\xampp\\htdocs...')
#2 C:\xampp\htdocs\Admin_FromUseCase\system\View\View.php(213): CodeIgniter\View\View->CodeIgniter\View\{closure}()
#3 C:\xampp\htdocs\Admin_FromUseCase\system\Common.php(1089): CodeIgniter\View\View->render('dataUser', Array, true)
#4 C:\xampp\htdocs\Admin_FromUseCase\app\Controllers\User.php(23): view('dataUser')
#5 C:\xampp\htdocs\Admin_FromUseCase\system\CodeIgniter.php(825): App\Controllers\User->viewUser2('1739920123456')
#6 C:\xampp\htdocs\Admin_FromUseCase\system\CodeIgniter.php(412): CodeIgniter\CodeIgniter->runController(Object(App\Controllers\User))
#7 C:\xampp\htdocs\Admin_FromUseCase\system\CodeIgniter.php(320): CodeIgniter\CodeIgniter->handleRequest(NULL, Object(Config\Cache), false)
#8 C:\xampp\htdocs\Admin_FromUseCase\public\index.php(37): CodeIgniter\CodeIgniter->run()
#9 C:\xampp\htdocs\Admin_FromUseCase\system\Commands\Server\rewrite.php(43): require_once('C:\\xampp\\htdocs...')
#10 {main}
CRITICAL - 2022-03-07 02:09:50 --> Undefined variable: user
#0 C:\xampp\htdocs\Admin_FromUseCase\app\Views\dataUser.php(30): CodeIgniter\Debug\Exceptions->errorHandler(8, 'Undefined varia...', 'C:\\xampp\\htdocs...', 30, Array)
#1 C:\xampp\htdocs\Admin_FromUseCase\system\View\View.php(210): include('C:\\xampp\\htdocs...')
#2 C:\xampp\htdocs\Admin_FromUseCase\system\View\View.php(213): CodeIgniter\View\View->CodeIgniter\View\{closure}()
#3 C:\xampp\htdocs\Admin_FromUseCase\system\Common.php(1089): CodeIgniter\View\View->render('dataUser', Array, true)
#4 C:\xampp\htdocs\Admin_FromUseCase\app\Controllers\User.php(23): view('dataUser')
#5 C:\xampp\htdocs\Admin_FromUseCase\system\CodeIgniter.php(825): App\Controllers\User->viewUser2('1515151515151')
#6 C:\xampp\htdocs\Admin_FromUseCase\system\CodeIgniter.php(412): CodeIgniter\CodeIgniter->runController(Object(App\Controllers\User))
#7 C:\xampp\htdocs\Admin_FromUseCase\system\CodeIgniter.php(320): CodeIgniter\CodeIgniter->handleRequest(NULL, Object(Config\Cache), false)
#8 C:\xampp\htdocs\Admin_FromUseCase\public\index.php(37): CodeIgniter\CodeIgniter->run()
#9 C:\xampp\htdocs\Admin_FromUseCase\system\Commands\Server\rewrite.php(43): require_once('C:\\xampp\\htdocs...')
#10 {main}
