CRITICAL - 2022-02-22 00:41:33 --> Undefined variable: user
#0 C:\xampp\htdocs\Admin_FriendZone\app\Views\home.php(286): CodeIgniter\Debug\Exceptions->errorHandler(8, 'Undefined varia...', 'C:\\xampp\\htdocs...', 286, Array)
#1 C:\xampp\htdocs\Admin_FriendZone\system\View\View.php(210): include('C:\\xampp\\htdocs...')
#2 C:\xampp\htdocs\Admin_FriendZone\system\View\View.php(213): CodeIgniter\View\View->CodeIgniter\View\{closure}()
#3 C:\xampp\htdocs\Admin_FriendZone\system\Common.php(1089): CodeIgniter\View\View->render('home', Array, true)
#4 C:\xampp\htdocs\Admin_FriendZone\app\Controllers\Home.php(9): view('home')
#5 C:\xampp\htdocs\Admin_FriendZone\system\CodeIgniter.php(825): App\Controllers\Home->index()
#6 C:\xampp\htdocs\Admin_FriendZone\system\CodeIgniter.php(412): CodeIgniter\CodeIgniter->runController(Object(App\Controllers\Home))
#7 C:\xampp\htdocs\Admin_FriendZone\system\CodeIgniter.php(320): CodeIgniter\CodeIgniter->handleRequest(NULL, Object(Config\Cache), false)
#8 C:\xampp\htdocs\Admin_FriendZone\public\index.php(37): CodeIgniter\CodeIgniter->run()
#9 C:\xampp\htdocs\Admin_FriendZone\system\Commands\Server\rewrite.php(43): require_once('C:\\xampp\\htdocs...')
#10 {main}
CRITICAL - 2022-02-22 01:19:05 --> Call to undefined function set_value()
#0 C:\xampp\htdocs\Admin_FriendZone\system\View\View.php(210): include()
#1 C:\xampp\htdocs\Admin_FriendZone\system\View\View.php(213): CodeIgniter\View\View->CodeIgniter\View\{closure}()
#2 C:\xampp\htdocs\Admin_FriendZone\system\Common.php(1089): CodeIgniter\View\View->render('login', Array, true)
#3 C:\xampp\htdocs\Admin_FriendZone\app\Controllers\Officer.php(17): view('login')
#4 C:\xampp\htdocs\Admin_FriendZone\system\CodeIgniter.php(825): App\Controllers\Officer->index()
#5 C:\xampp\htdocs\Admin_FriendZone\system\CodeIgniter.php(412): CodeIgniter\CodeIgniter->runController(Object(App\Controllers\Officer))
#6 C:\xampp\htdocs\Admin_FriendZone\system\CodeIgniter.php(320): CodeIgniter\CodeIgniter->handleRequest(NULL, Object(Config\Cache), false)
#7 C:\xampp\htdocs\Admin_FriendZone\public\index.php(37): CodeIgniter\CodeIgniter->run()
#8 C:\xampp\htdocs\Admin_FriendZone\system\Commands\Server\rewrite.php(43): require_once('C:\\xampp\\htdocs...')
#9 {main}
CRITICAL - 2022-02-22 01:19:07 --> Call to undefined function set_value()
#0 C:\xampp\htdocs\Admin_FriendZone\system\View\View.php(210): include()
#1 C:\xampp\htdocs\Admin_FriendZone\system\View\View.php(213): CodeIgniter\View\View->CodeIgniter\View\{closure}()
#2 C:\xampp\htdocs\Admin_FriendZone\system\Common.php(1089): CodeIgniter\View\View->render('login', Array, true)
#3 C:\xampp\htdocs\Admin_FriendZone\app\Controllers\Officer.php(17): view('login')
#4 C:\xampp\htdocs\Admin_FriendZone\system\CodeIgniter.php(825): App\Controllers\Officer->index()
#5 C:\xampp\htdocs\Admin_FriendZone\system\CodeIgniter.php(412): CodeIgniter\CodeIgniter->runController(Object(App\Controllers\Officer))
#6 C:\xampp\htdocs\Admin_FriendZone\system\CodeIgniter.php(320): CodeIgniter\CodeIgniter->handleRequest(NULL, Object(Config\Cache), false)
#7 C:\xampp\htdocs\Admin_FriendZone\public\index.php(37): CodeIgniter\CodeIgniter->run()
#8 C:\xampp\htdocs\Admin_FriendZone\system\Commands\Server\rewrite.php(43): require_once('C:\\xampp\\htdocs...')
#9 {main}
CRITICAL - 2022-02-22 01:19:09 --> Call to undefined function set_value()
#0 C:\xampp\htdocs\Admin_FriendZone\system\View\View.php(210): include()
#1 C:\xampp\htdocs\Admin_FriendZone\system\View\View.php(213): CodeIgniter\View\View->CodeIgniter\View\{closure}()
#2 C:\xampp\htdocs\Admin_FriendZone\system\Common.php(1089): CodeIgniter\View\View->render('login', Array, true)
#3 C:\xampp\htdocs\Admin_FriendZone\app\Controllers\Officer.php(17): view('login')
#4 C:\xampp\htdocs\Admin_FriendZone\system\CodeIgniter.php(825): App\Controllers\Officer->index()
#5 C:\xampp\htdocs\Admin_FriendZone\system\CodeIgniter.php(412): CodeIgniter\CodeIgniter->runController(Object(App\Controllers\Officer))
#6 C:\xampp\htdocs\Admin_FriendZone\system\CodeIgniter.php(320): CodeIgniter\CodeIgniter->handleRequest(NULL, Object(Config\Cache), false)
#7 C:\xampp\htdocs\Admin_FriendZone\public\index.php(37): CodeIgniter\CodeIgniter->run()
#8 C:\xampp\htdocs\Admin_FriendZone\system\Commands\Server\rewrite.php(43): require_once('C:\\xampp\\htdocs...')
#9 {main}
CRITICAL - 2022-02-22 01:19:09 --> Call to undefined function set_value()
#0 C:\xampp\htdocs\Admin_FriendZone\system\View\View.php(210): include()
#1 C:\xampp\htdocs\Admin_FriendZone\system\View\View.php(213): CodeIgniter\View\View->CodeIgniter\View\{closure}()
#2 C:\xampp\htdocs\Admin_FriendZone\system\Common.php(1089): CodeIgniter\View\View->render('login', Array, true)
#3 C:\xampp\htdocs\Admin_FriendZone\app\Controllers\Officer.php(17): view('login')
#4 C:\xampp\htdocs\Admin_FriendZone\system\CodeIgniter.php(825): App\Controllers\Officer->index()
#5 C:\xampp\htdocs\Admin_FriendZone\system\CodeIgniter.php(412): CodeIgniter\CodeIgniter->runController(Object(App\Controllers\Officer))
#6 C:\xampp\htdocs\Admin_FriendZone\system\CodeIgniter.php(320): CodeIgniter\CodeIgniter->handleRequest(NULL, Object(Config\Cache), false)
#7 C:\xampp\htdocs\Admin_FriendZone\public\index.php(37): CodeIgniter\CodeIgniter->run()
#8 C:\xampp\htdocs\Admin_FriendZone\system\Commands\Server\rewrite.php(43): require_once('C:\\xampp\\htdocs...')
#9 {main}
