ERROR - 2022-03-08 06:53:32 --> Error connecting to the database: No connection could be made because the target machine actively refused it.

CRITICAL - 2022-03-08 06:53:32 --> Unable to connect to the database.
Main connection [MySQLi]: No connection could be made because the target machine actively refused it.

#0 C:\xampp\htdocs\Admin_FriendZone\system\Database\BaseConnection.php(577): CodeIgniter\Database\BaseConnection->initialize()
#1 C:\xampp\htdocs\Admin_FriendZone\system\Database\BaseBuilder.php(1455): CodeIgniter\Database\BaseConnection->query('SELECT *\nFROM `...', Array, false)
#2 C:\xampp\htdocs\Admin_FriendZone\system\Model.php(210): CodeIgniter\Database\BaseBuilder->get()
#3 C:\xampp\htdocs\Admin_FriendZone\system\BaseModel.php(622): CodeIgniter\Model->doFirst()
#4 C:\xampp\htdocs\Admin_FriendZone\app\Models\OfficerModel.php(20): CodeIgniter\BaseModel->first()
#5 C:\xampp\htdocs\Admin_FriendZone\app\Controllers\Officer.php(57): App\Models\OfficerModel->login('Yannasit', '123456')
#6 C:\xampp\htdocs\Admin_FriendZone\system\CodeIgniter.php(825): App\Controllers\Officer->login()
#7 C:\xampp\htdocs\Admin_FriendZone\system\CodeIgniter.php(412): CodeIgniter\CodeIgniter->runController(Object(App\Controllers\Officer))
#8 C:\xampp\htdocs\Admin_FriendZone\system\CodeIgniter.php(320): CodeIgniter\CodeIgniter->handleRequest(NULL, Object(Config\Cache), false)
#9 C:\xampp\htdocs\Admin_FriendZone\public\index.php(37): CodeIgniter\CodeIgniter->run()
#10 C:\xampp\htdocs\Admin_FriendZone\system\Commands\Server\rewrite.php(43): require_once('C:\\xampp\\htdocs...')
#11 {main}
CRITICAL - 2022-03-08 06:53:43 --> Trying to access array offset on value of type int
#0 C:\xampp\htdocs\Admin_FriendZone\app\Views\home.php(278): CodeIgniter\Debug\Exceptions->errorHandler(8, 'Trying to acces...', 'C:\\xampp\\htdocs...', 278, Array)
#1 C:\xampp\htdocs\Admin_FriendZone\system\View\View.php(210): include('C:\\xampp\\htdocs...')
#2 C:\xampp\htdocs\Admin_FriendZone\system\View\View.php(213): CodeIgniter\View\View->CodeIgniter\View\{closure}()
#3 C:\xampp\htdocs\Admin_FriendZone\system\Common.php(1089): CodeIgniter\View\View->render('home', Array, true)
#4 C:\xampp\htdocs\Admin_FriendZone\app\Controllers\User.php(35): view('home', Array)
#5 C:\xampp\htdocs\Admin_FriendZone\system\CodeIgniter.php(825): App\Controllers\User->viewUser()
#6 C:\xampp\htdocs\Admin_FriendZone\system\CodeIgniter.php(412): CodeIgniter\CodeIgniter->runController(Object(App\Controllers\User))
#7 C:\xampp\htdocs\Admin_FriendZone\system\CodeIgniter.php(320): CodeIgniter\CodeIgniter->handleRequest(NULL, Object(Config\Cache), false)
#8 C:\xampp\htdocs\Admin_FriendZone\public\index.php(37): CodeIgniter\CodeIgniter->run()
#9 C:\xampp\htdocs\Admin_FriendZone\system\Commands\Server\rewrite.php(43): require_once('C:\\xampp\\htdocs...')
#10 {main}
CRITICAL - 2022-03-08 06:54:04 --> Trying to access array offset on value of type int
#0 C:\xampp\htdocs\Admin_FriendZone\app\Views\home.php(278): CodeIgniter\Debug\Exceptions->errorHandler(8, 'Trying to acces...', 'C:\\xampp\\htdocs...', 278, Array)
#1 C:\xampp\htdocs\Admin_FriendZone\system\View\View.php(210): include('C:\\xampp\\htdocs...')
#2 C:\xampp\htdocs\Admin_FriendZone\system\View\View.php(213): CodeIgniter\View\View->CodeIgniter\View\{closure}()
#3 C:\xampp\htdocs\Admin_FriendZone\system\Common.php(1089): CodeIgniter\View\View->render('home', Array, true)
#4 C:\xampp\htdocs\Admin_FriendZone\app\Controllers\User.php(35): view('home', Array)
#5 C:\xampp\htdocs\Admin_FriendZone\system\CodeIgniter.php(825): App\Controllers\User->viewUser()
#6 C:\xampp\htdocs\Admin_FriendZone\system\CodeIgniter.php(412): CodeIgniter\CodeIgniter->runController(Object(App\Controllers\User))
#7 C:\xampp\htdocs\Admin_FriendZone\system\CodeIgniter.php(320): CodeIgniter\CodeIgniter->handleRequest(NULL, Object(Config\Cache), false)
#8 C:\xampp\htdocs\Admin_FriendZone\public\index.php(37): CodeIgniter\CodeIgniter->run()
#9 C:\xampp\htdocs\Admin_FriendZone\system\Commands\Server\rewrite.php(43): require_once('C:\\xampp\\htdocs...')
#10 {main}
CRITICAL - 2022-03-08 06:54:09 --> Trying to access array offset on value of type int
#0 C:\xampp\htdocs\Admin_FriendZone\app\Views\home.php(278): CodeIgniter\Debug\Exceptions->errorHandler(8, 'Trying to acces...', 'C:\\xampp\\htdocs...', 278, Array)
#1 C:\xampp\htdocs\Admin_FriendZone\system\View\View.php(210): include('C:\\xampp\\htdocs...')
#2 C:\xampp\htdocs\Admin_FriendZone\system\View\View.php(213): CodeIgniter\View\View->CodeIgniter\View\{closure}()
#3 C:\xampp\htdocs\Admin_FriendZone\system\Common.php(1089): CodeIgniter\View\View->render('home', Array, true)
#4 C:\xampp\htdocs\Admin_FriendZone\app\Controllers\User.php(35): view('home', Array)
#5 C:\xampp\htdocs\Admin_FriendZone\system\CodeIgniter.php(825): App\Controllers\User->viewUser()
#6 C:\xampp\htdocs\Admin_FriendZone\system\CodeIgniter.php(412): CodeIgniter\CodeIgniter->runController(Object(App\Controllers\User))
#7 C:\xampp\htdocs\Admin_FriendZone\system\CodeIgniter.php(320): CodeIgniter\CodeIgniter->handleRequest(NULL, Object(Config\Cache), false)
#8 C:\xampp\htdocs\Admin_FriendZone\public\index.php(37): CodeIgniter\CodeIgniter->run()
#9 C:\xampp\htdocs\Admin_FriendZone\system\Commands\Server\rewrite.php(43): require_once('C:\\xampp\\htdocs...')
#10 {main}
CRITICAL - 2022-03-08 06:54:20 --> Trying to access array offset on value of type int
#0 C:\xampp\htdocs\Admin_FriendZone\app\Views\home.php(278): CodeIgniter\Debug\Exceptions->errorHandler(8, 'Trying to acces...', 'C:\\xampp\\htdocs...', 278, Array)
#1 C:\xampp\htdocs\Admin_FriendZone\system\View\View.php(210): include('C:\\xampp\\htdocs...')
#2 C:\xampp\htdocs\Admin_FriendZone\system\View\View.php(213): CodeIgniter\View\View->CodeIgniter\View\{closure}()
#3 C:\xampp\htdocs\Admin_FriendZone\system\Common.php(1089): CodeIgniter\View\View->render('home', Array, true)
#4 C:\xampp\htdocs\Admin_FriendZone\app\Controllers\User.php(35): view('home', Array)
#5 C:\xampp\htdocs\Admin_FriendZone\system\CodeIgniter.php(825): App\Controllers\User->viewUser()
#6 C:\xampp\htdocs\Admin_FriendZone\system\CodeIgniter.php(412): CodeIgniter\CodeIgniter->runController(Object(App\Controllers\User))
#7 C:\xampp\htdocs\Admin_FriendZone\system\CodeIgniter.php(320): CodeIgniter\CodeIgniter->handleRequest(NULL, Object(Config\Cache), false)
#8 C:\xampp\htdocs\Admin_FriendZone\public\index.php(37): CodeIgniter\CodeIgniter->run()
#9 C:\xampp\htdocs\Admin_FriendZone\system\Commands\Server\rewrite.php(43): require_once('C:\\xampp\\htdocs...')
#10 {main}
CRITICAL - 2022-03-08 06:59:10 --> Undefined index: count
#0 C:\xampp\htdocs\Admin_FriendZone\app\Views\home.php(320): CodeIgniter\Debug\Exceptions->errorHandler(8, 'Undefined index...', 'C:\\xampp\\htdocs...', 320, Array)
#1 C:\xampp\htdocs\Admin_FriendZone\system\View\View.php(210): include('C:\\xampp\\htdocs...')
#2 C:\xampp\htdocs\Admin_FriendZone\system\View\View.php(213): CodeIgniter\View\View->CodeIgniter\View\{closure}()
#3 C:\xampp\htdocs\Admin_FriendZone\system\Common.php(1089): CodeIgniter\View\View->render('home', Array, true)
#4 C:\xampp\htdocs\Admin_FriendZone\app\Controllers\User.php(35): view('home', Array)
#5 C:\xampp\htdocs\Admin_FriendZone\system\CodeIgniter.php(825): App\Controllers\User->viewUser()
#6 C:\xampp\htdocs\Admin_FriendZone\system\CodeIgniter.php(412): CodeIgniter\CodeIgniter->runController(Object(App\Controllers\User))
#7 C:\xampp\htdocs\Admin_FriendZone\system\CodeIgniter.php(320): CodeIgniter\CodeIgniter->handleRequest(NULL, Object(Config\Cache), false)
#8 C:\xampp\htdocs\Admin_FriendZone\public\index.php(37): CodeIgniter\CodeIgniter->run()
#9 C:\xampp\htdocs\Admin_FriendZone\system\Commands\Server\rewrite.php(43): require_once('C:\\xampp\\htdocs...')
#10 {main}
CRITICAL - 2022-03-08 06:59:24 --> Undefined variable: u
#0 C:\xampp\htdocs\Admin_FriendZone\app\Views\home.php(320): CodeIgniter\Debug\Exceptions->errorHandler(8, 'Undefined varia...', 'C:\\xampp\\htdocs...', 320, Array)
#1 C:\xampp\htdocs\Admin_FriendZone\system\View\View.php(210): include('C:\\xampp\\htdocs...')
#2 C:\xampp\htdocs\Admin_FriendZone\system\View\View.php(213): CodeIgniter\View\View->CodeIgniter\View\{closure}()
#3 C:\xampp\htdocs\Admin_FriendZone\system\Common.php(1089): CodeIgniter\View\View->render('home', Array, true)
#4 C:\xampp\htdocs\Admin_FriendZone\app\Controllers\User.php(35): view('home', Array)
#5 C:\xampp\htdocs\Admin_FriendZone\system\CodeIgniter.php(825): App\Controllers\User->viewUser()
#6 C:\xampp\htdocs\Admin_FriendZone\system\CodeIgniter.php(412): CodeIgniter\CodeIgniter->runController(Object(App\Controllers\User))
#7 C:\xampp\htdocs\Admin_FriendZone\system\CodeIgniter.php(320): CodeIgniter\CodeIgniter->handleRequest(NULL, Object(Config\Cache), false)
#8 C:\xampp\htdocs\Admin_FriendZone\public\index.php(37): CodeIgniter\CodeIgniter->run()
#9 C:\xampp\htdocs\Admin_FriendZone\system\Commands\Server\rewrite.php(43): require_once('C:\\xampp\\htdocs...')
#10 {main}
CRITICAL - 2022-03-08 07:04:52 --> Undefined index: count
#0 C:\xampp\htdocs\Admin_FriendZone\app\Views\home.php(320): CodeIgniter\Debug\Exceptions->errorHandler(8, 'Undefined index...', 'C:\\xampp\\htdocs...', 320, Array)
#1 C:\xampp\htdocs\Admin_FriendZone\system\View\View.php(210): include('C:\\xampp\\htdocs...')
#2 C:\xampp\htdocs\Admin_FriendZone\system\View\View.php(213): CodeIgniter\View\View->CodeIgniter\View\{closure}()
#3 C:\xampp\htdocs\Admin_FriendZone\system\Common.php(1089): CodeIgniter\View\View->render('home', Array, true)
#4 C:\xampp\htdocs\Admin_FriendZone\app\Controllers\User.php(35): view('home', Array)
#5 C:\xampp\htdocs\Admin_FriendZone\system\CodeIgniter.php(825): App\Controllers\User->viewUser()
#6 C:\xampp\htdocs\Admin_FriendZone\system\CodeIgniter.php(412): CodeIgniter\CodeIgniter->runController(Object(App\Controllers\User))
#7 C:\xampp\htdocs\Admin_FriendZone\system\CodeIgniter.php(320): CodeIgniter\CodeIgniter->handleRequest(NULL, Object(Config\Cache), false)
#8 C:\xampp\htdocs\Admin_FriendZone\public\index.php(37): CodeIgniter\CodeIgniter->run()
#9 C:\xampp\htdocs\Admin_FriendZone\system\Commands\Server\rewrite.php(43): require_once('C:\\xampp\\htdocs...')
#10 {main}
CRITICAL - 2022-03-08 07:04:53 --> Undefined index: count
#0 C:\xampp\htdocs\Admin_FriendZone\app\Views\home.php(320): CodeIgniter\Debug\Exceptions->errorHandler(8, 'Undefined index...', 'C:\\xampp\\htdocs...', 320, Array)
#1 C:\xampp\htdocs\Admin_FriendZone\system\View\View.php(210): include('C:\\xampp\\htdocs...')
#2 C:\xampp\htdocs\Admin_FriendZone\system\View\View.php(213): CodeIgniter\View\View->CodeIgniter\View\{closure}()
#3 C:\xampp\htdocs\Admin_FriendZone\system\Common.php(1089): CodeIgniter\View\View->render('home', Array, true)
#4 C:\xampp\htdocs\Admin_FriendZone\app\Controllers\User.php(35): view('home', Array)
#5 C:\xampp\htdocs\Admin_FriendZone\system\CodeIgniter.php(825): App\Controllers\User->viewUser()
#6 C:\xampp\htdocs\Admin_FriendZone\system\CodeIgniter.php(412): CodeIgniter\CodeIgniter->runController(Object(App\Controllers\User))
#7 C:\xampp\htdocs\Admin_FriendZone\system\CodeIgniter.php(320): CodeIgniter\CodeIgniter->handleRequest(NULL, Object(Config\Cache), false)
#8 C:\xampp\htdocs\Admin_FriendZone\public\index.php(37): CodeIgniter\CodeIgniter->run()
#9 C:\xampp\htdocs\Admin_FriendZone\system\Commands\Server\rewrite.php(43): require_once('C:\\xampp\\htdocs...')
#10 {main}
CRITICAL - 2022-03-08 07:04:53 --> Undefined index: count
#0 C:\xampp\htdocs\Admin_FriendZone\app\Views\home.php(320): CodeIgniter\Debug\Exceptions->errorHandler(8, 'Undefined index...', 'C:\\xampp\\htdocs...', 320, Array)
#1 C:\xampp\htdocs\Admin_FriendZone\system\View\View.php(210): include('C:\\xampp\\htdocs...')
#2 C:\xampp\htdocs\Admin_FriendZone\system\View\View.php(213): CodeIgniter\View\View->CodeIgniter\View\{closure}()
#3 C:\xampp\htdocs\Admin_FriendZone\system\Common.php(1089): CodeIgniter\View\View->render('home', Array, true)
#4 C:\xampp\htdocs\Admin_FriendZone\app\Controllers\User.php(35): view('home', Array)
#5 C:\xampp\htdocs\Admin_FriendZone\system\CodeIgniter.php(825): App\Controllers\User->viewUser()
#6 C:\xampp\htdocs\Admin_FriendZone\system\CodeIgniter.php(412): CodeIgniter\CodeIgniter->runController(Object(App\Controllers\User))
#7 C:\xampp\htdocs\Admin_FriendZone\system\CodeIgniter.php(320): CodeIgniter\CodeIgniter->handleRequest(NULL, Object(Config\Cache), false)
#8 C:\xampp\htdocs\Admin_FriendZone\public\index.php(37): CodeIgniter\CodeIgniter->run()
#9 C:\xampp\htdocs\Admin_FriendZone\system\Commands\Server\rewrite.php(43): require_once('C:\\xampp\\htdocs...')
#10 {main}
CRITICAL - 2022-03-08 07:04:53 --> Undefined index: count
#0 C:\xampp\htdocs\Admin_FriendZone\app\Views\home.php(320): CodeIgniter\Debug\Exceptions->errorHandler(8, 'Undefined index...', 'C:\\xampp\\htdocs...', 320, Array)
#1 C:\xampp\htdocs\Admin_FriendZone\system\View\View.php(210): include('C:\\xampp\\htdocs...')
#2 C:\xampp\htdocs\Admin_FriendZone\system\View\View.php(213): CodeIgniter\View\View->CodeIgniter\View\{closure}()
#3 C:\xampp\htdocs\Admin_FriendZone\system\Common.php(1089): CodeIgniter\View\View->render('home', Array, true)
#4 C:\xampp\htdocs\Admin_FriendZone\app\Controllers\User.php(35): view('home', Array)
#5 C:\xampp\htdocs\Admin_FriendZone\system\CodeIgniter.php(825): App\Controllers\User->viewUser()
#6 C:\xampp\htdocs\Admin_FriendZone\system\CodeIgniter.php(412): CodeIgniter\CodeIgniter->runController(Object(App\Controllers\User))
#7 C:\xampp\htdocs\Admin_FriendZone\system\CodeIgniter.php(320): CodeIgniter\CodeIgniter->handleRequest(NULL, Object(Config\Cache), false)
#8 C:\xampp\htdocs\Admin_FriendZone\public\index.php(37): CodeIgniter\CodeIgniter->run()
#9 C:\xampp\htdocs\Admin_FriendZone\system\Commands\Server\rewrite.php(43): require_once('C:\\xampp\\htdocs...')
#10 {main}
CRITICAL - 2022-03-08 07:04:53 --> Undefined index: count
#0 C:\xampp\htdocs\Admin_FriendZone\app\Views\home.php(320): CodeIgniter\Debug\Exceptions->errorHandler(8, 'Undefined index...', 'C:\\xampp\\htdocs...', 320, Array)
#1 C:\xampp\htdocs\Admin_FriendZone\system\View\View.php(210): include('C:\\xampp\\htdocs...')
#2 C:\xampp\htdocs\Admin_FriendZone\system\View\View.php(213): CodeIgniter\View\View->CodeIgniter\View\{closure}()
#3 C:\xampp\htdocs\Admin_FriendZone\system\Common.php(1089): CodeIgniter\View\View->render('home', Array, true)
#4 C:\xampp\htdocs\Admin_FriendZone\app\Controllers\User.php(35): view('home', Array)
#5 C:\xampp\htdocs\Admin_FriendZone\system\CodeIgniter.php(825): App\Controllers\User->viewUser()
#6 C:\xampp\htdocs\Admin_FriendZone\system\CodeIgniter.php(412): CodeIgniter\CodeIgniter->runController(Object(App\Controllers\User))
#7 C:\xampp\htdocs\Admin_FriendZone\system\CodeIgniter.php(320): CodeIgniter\CodeIgniter->handleRequest(NULL, Object(Config\Cache), false)
#8 C:\xampp\htdocs\Admin_FriendZone\public\index.php(37): CodeIgniter\CodeIgniter->run()
#9 C:\xampp\htdocs\Admin_FriendZone\system\Commands\Server\rewrite.php(43): require_once('C:\\xampp\\htdocs...')
#10 {main}
CRITICAL - 2022-03-08 07:04:54 --> Undefined index: count
#0 C:\xampp\htdocs\Admin_FriendZone\app\Views\home.php(320): CodeIgniter\Debug\Exceptions->errorHandler(8, 'Undefined index...', 'C:\\xampp\\htdocs...', 320, Array)
#1 C:\xampp\htdocs\Admin_FriendZone\system\View\View.php(210): include('C:\\xampp\\htdocs...')
#2 C:\xampp\htdocs\Admin_FriendZone\system\View\View.php(213): CodeIgniter\View\View->CodeIgniter\View\{closure}()
#3 C:\xampp\htdocs\Admin_FriendZone\system\Common.php(1089): CodeIgniter\View\View->render('home', Array, true)
#4 C:\xampp\htdocs\Admin_FriendZone\app\Controllers\User.php(35): view('home', Array)
#5 C:\xampp\htdocs\Admin_FriendZone\system\CodeIgniter.php(825): App\Controllers\User->viewUser()
#6 C:\xampp\htdocs\Admin_FriendZone\system\CodeIgniter.php(412): CodeIgniter\CodeIgniter->runController(Object(App\Controllers\User))
#7 C:\xampp\htdocs\Admin_FriendZone\system\CodeIgniter.php(320): CodeIgniter\CodeIgniter->handleRequest(NULL, Object(Config\Cache), false)
#8 C:\xampp\htdocs\Admin_FriendZone\public\index.php(37): CodeIgniter\CodeIgniter->run()
#9 C:\xampp\htdocs\Admin_FriendZone\system\Commands\Server\rewrite.php(43): require_once('C:\\xampp\\htdocs...')
#10 {main}
